TpTrace Verbose: 0 : 8284, 1, 2023/10/20, 22:04:08.710, 147661351232, vstest.console.dll, Version: 17.6.0-release-20230405-08 Current process architecture: X64
TpTrace Verbose: 0 : 8284, 1, 2023/10/20, 22:04:08.712, 147661371527, vstest.console.dll, Runtime location: C:\Program Files\dotnet\shared\Microsoft.NETCore.App\7.0.7
TpTrace Verbose: 0 : 8284, 1, 2023/10/20, 22:04:08.719, 147661437594, vstest.console.dll, ArtifactProcessingPostProcessModeProcessorExecutor.Initialize: ArtifactProcessingMode.Collect
TpTrace Verbose: 0 : 8284, 1, 2023/10/20, 22:04:08.719, 147661439184, vstest.console.dll, TestSessionCorrelationIdProcessorModeProcessorExecutor.Initialize: TestSessionCorrelationId '3644_20c1fa36-1b60-414b-b164-1bbdf1bd082a'
TpTrace Information: 0 : 8284, 1, 2023/10/20, 22:04:08.733, 147661575412, vstest.console.dll, FilePatternParser: The given file E:\API-project\AzurePipelineTest\bin\Debug\net6.0\fine-code-coverage\build-output\AzurePipelineTest.dll is a full path.
TpTrace Verbose: 0 : 8284, 1, 2023/10/20, 22:04:08.742, 147661665345, vstest.console.dll, TestPluginCache.DiscoverTestExtensions: finding test extensions in assemblies ends with: RuntimeProvider.dll TPluginInfo: Microsoft.VisualStudio.TestPlatform.Common.ExtensionFramework.Utilities.TestRuntimePluginInformation TExtension: Microsoft.VisualStudio.TestPlatform.ObjectModel.Host.ITestRuntimeProvider
TpTrace Verbose: 0 : 8284, 1, 2023/10/20, 22:04:08.742, 147661668702, vstest.console.dll, TestPluginCache.GetExtensionPaths: Filtered extension paths: 
TpTrace Verbose: 0 : 8284, 1, 2023/10/20, 22:04:08.742, 147661669361, vstest.console.dll, TestPluginCache.GetExtensionPaths: Added default extension paths: C:\Program Files\dotnet\sdk\7.0.304\Extensions\Microsoft.Diagnostics.NETCore.Client.dll
C:\Program Files\dotnet\sdk\7.0.304\Extensions\Microsoft.TestPlatform.Extensions.BlameDataCollector.dll
C:\Program Files\dotnet\sdk\7.0.304\Extensions\Microsoft.TestPlatform.Extensions.EventLogCollector.dll
C:\Program Files\dotnet\sdk\7.0.304\Extensions\Microsoft.TestPlatform.TestHostRuntimeProvider.dll
C:\Program Files\dotnet\sdk\7.0.304\Extensions\Microsoft.VisualStudio.TestPlatform.Extensions.Html.TestLogger.dll
C:\Program Files\dotnet\sdk\7.0.304\Extensions\Microsoft.VisualStudio.TestPlatform.Extensions.Trx.TestLogger.dll
TpTrace Verbose: 0 : 8284, 1, 2023/10/20, 22:04:08.742, 147661669605, vstest.console.dll, TestPluginCache.GetExtensionPaths: Added unfilterableExtensionPaths: 
TpTrace Information: 0 : 8284, 1, 2023/10/20, 22:04:08.742, 147661674549, vstest.console.dll, AssemblyResolver.ctor: Creating AssemblyResolver with searchDirectories C:\Program Files\dotnet\sdk\7.0.304\Extensions,C:\Program Files\dotnet\sdk\7.0.304
TpTrace Verbose: 0 : 8284, 1, 2023/10/20, 22:04:08.744, 147661684888, vstest.console.dll, TestPluginCache.DiscoverTestExtensions: Discovering the extensions using extension path.
TpTrace Verbose: 0 : 8284, 1, 2023/10/20, 22:04:08.744, 147661685931, vstest.console.dll, TestPluginCache.GetExtensionPaths: Filtered extension paths: 
TpTrace Verbose: 0 : 8284, 1, 2023/10/20, 22:04:08.744, 147661686234, vstest.console.dll, TestPluginCache.GetExtensionPaths: Added default extension paths: C:\Program Files\dotnet\sdk\7.0.304\Extensions\Microsoft.Diagnostics.NETCore.Client.dll
C:\Program Files\dotnet\sdk\7.0.304\Extensions\Microsoft.TestPlatform.Extensions.BlameDataCollector.dll
C:\Program Files\dotnet\sdk\7.0.304\Extensions\Microsoft.TestPlatform.Extensions.EventLogCollector.dll
C:\Program Files\dotnet\sdk\7.0.304\Extensions\Microsoft.TestPlatform.TestHostRuntimeProvider.dll
C:\Program Files\dotnet\sdk\7.0.304\Extensions\Microsoft.VisualStudio.TestPlatform.Extensions.Html.TestLogger.dll
C:\Program Files\dotnet\sdk\7.0.304\Extensions\Microsoft.VisualStudio.TestPlatform.Extensions.Trx.TestLogger.dll
TpTrace Verbose: 0 : 8284, 1, 2023/10/20, 22:04:08.744, 147661686392, vstest.console.dll, TestPluginCache.GetExtensionPaths: Added unfilterableExtensionPaths: 
TpTrace Verbose: 0 : 8284, 1, 2023/10/20, 22:04:08.744, 147661687012, vstest.console.dll, TestPluginCache.DiscoverTestExtensions: Discovering the extensions using allExtensionPaths: C:\Program Files\dotnet\sdk\7.0.304\Extensions\Microsoft.Diagnostics.NETCore.Client.dll
C:\Program Files\dotnet\sdk\7.0.304\Extensions\Microsoft.TestPlatform.Extensions.BlameDataCollector.dll
C:\Program Files\dotnet\sdk\7.0.304\Extensions\Microsoft.TestPlatform.Extensions.EventLogCollector.dll
C:\Program Files\dotnet\sdk\7.0.304\Extensions\Microsoft.TestPlatform.TestHostRuntimeProvider.dll
C:\Program Files\dotnet\sdk\7.0.304\Extensions\Microsoft.VisualStudio.TestPlatform.Extensions.Html.TestLogger.dll
C:\Program Files\dotnet\sdk\7.0.304\Extensions\Microsoft.VisualStudio.TestPlatform.Extensions.Trx.TestLogger.dll
TpTrace Information: 0 : 8284, 1, 2023/10/20, 22:04:08.744, 147661688289, vstest.console.dll, AssemblyResolver.AddSearchDirectories: Adding more searchDirectories C:\Program Files\dotnet\sdk\7.0.304\Extensions,C:\Program Files\dotnet\sdk\7.0.304
TpTrace Information: 0 : 8284, 1, 2023/10/20, 22:04:08.744, 147661688796, vstest.console.dll, AssemblyResolver.AddSearchDirectories: Adding more searchDirectories C:\Program Files\dotnet\sdk\7.0.304\Extensions,C:\Program Files\dotnet\sdk\7.0.304
TpTrace Information: 0 : 8284, 1, 2023/10/20, 22:04:08.744, 147661688978, vstest.console.dll, AssemblyResolver.AddSearchDirectories: Adding more searchDirectories C:\Program Files\dotnet\sdk\7.0.304\Extensions,C:\Program Files\dotnet\sdk\7.0.304
TpTrace Information: 0 : 8284, 1, 2023/10/20, 22:04:08.744, 147661689127, vstest.console.dll, AssemblyResolver.AddSearchDirectories: Adding more searchDirectories C:\Program Files\dotnet\sdk\7.0.304\Extensions,C:\Program Files\dotnet\sdk\7.0.304
TpTrace Information: 0 : 8284, 1, 2023/10/20, 22:04:08.744, 147661689305, vstest.console.dll, AssemblyResolver.AddSearchDirectories: Adding more searchDirectories C:\Program Files\dotnet\sdk\7.0.304\Extensions,C:\Program Files\dotnet\sdk\7.0.304
TpTrace Information: 0 : 8284, 1, 2023/10/20, 22:04:08.744, 147661689480, vstest.console.dll, AssemblyResolver.AddSearchDirectories: Adding more searchDirectories C:\Program Files\dotnet\sdk\7.0.304\Extensions,C:\Program Files\dotnet\sdk\7.0.304
TpTrace Information: 0 : 8284, 1, 2023/10/20, 22:04:08.744, 147661692628, vstest.console.dll, AssemblyResolver.OnResolve: Microsoft.Diagnostics.NETCore.Client: Resolving assembly.
TpTrace Information: 0 : 8284, 1, 2023/10/20, 22:04:08.744, 147661693306, vstest.console.dll, AssemblyResolver.OnResolve: Microsoft.Diagnostics.NETCore.Client: Searching in: 'C:\Program Files\dotnet\sdk\7.0.304\Extensions'.
TpTrace Information: 0 : 8284, 1, 2023/10/20, 22:04:08.772, 147661973539, vstest.console.dll, AssemblyResolver.OnResolve: Microsoft.Diagnostics.NETCore.Client: Loading assembly 'C:\Program Files\dotnet\sdk\7.0.304\Extensions\Microsoft.Diagnostics.NETCore.Client.dll'.
TpTrace Information: 0 : 8284, 1, 2023/10/20, 22:04:08.775, 147661996436, vstest.console.dll, AssemblyResolver.OnResolve: Resolved assembly: Microsoft.Diagnostics.NETCore.Client, from path: C:\Program Files\dotnet\sdk\7.0.304\Extensions\Microsoft.Diagnostics.NETCore.Client.dll
TpTrace Verbose: 0 : 8284, 1, 2023/10/20, 22:04:08.776, 147662006303, vstest.console.dll, MetadataReaderExtensionsHelper: Discovering extensions inside assembly 'Microsoft.Diagnostics.NETCore.Client, Version=0.2.6.42401, Culture=neutral, PublicKeyToken=31bf3856ad364e35' file path 'C:\Program Files\dotnet\sdk\7.0.304\Extensions\Microsoft.Diagnostics.NETCore.Client.dll'
TpTrace Information: 0 : 8284, 1, 2023/10/20, 22:04:08.780, 147662047106, vstest.console.dll, AssemblyResolver.OnResolve: Microsoft.Bcl.AsyncInterfaces: Resolving assembly.
TpTrace Information: 0 : 8284, 1, 2023/10/20, 22:04:08.780, 147662048109, vstest.console.dll, AssemblyResolver.OnResolve: Microsoft.Bcl.AsyncInterfaces: Searching in: 'C:\Program Files\dotnet\sdk\7.0.304\Extensions'.
TpTrace Information: 0 : 8284, 1, 2023/10/20, 22:04:08.780, 147662048735, vstest.console.dll, AssemblyResolver.OnResolve: Microsoft.Bcl.AsyncInterfaces: Assembly path does not exist: 'C:\Program Files\dotnet\sdk\7.0.304\Extensions\Microsoft.Bcl.AsyncInterfaces.dll', returning.
TpTrace Information: 0 : 8284, 1, 2023/10/20, 22:04:08.780, 147662049576, vstest.console.dll, AssemblyResolver.OnResolve: Microsoft.Bcl.AsyncInterfaces: Assembly path does not exist: 'C:\Program Files\dotnet\sdk\7.0.304\Extensions\Microsoft.Bcl.AsyncInterfaces.exe', returning.
TpTrace Information: 0 : 8284, 1, 2023/10/20, 22:04:08.780, 147662049768, vstest.console.dll, AssemblyResolver.OnResolve: Microsoft.Bcl.AsyncInterfaces: Searching in: 'C:\Program Files\dotnet\sdk\7.0.304'.
TpTrace Information: 0 : 8284, 1, 2023/10/20, 22:04:08.780, 147662050133, vstest.console.dll, AssemblyResolver.OnResolve: Microsoft.Bcl.AsyncInterfaces: Assembly path does not exist: 'C:\Program Files\dotnet\sdk\7.0.304\Microsoft.Bcl.AsyncInterfaces.dll', returning.
TpTrace Information: 0 : 8284, 1, 2023/10/20, 22:04:08.780, 147662050394, vstest.console.dll, AssemblyResolver.OnResolve: Microsoft.Bcl.AsyncInterfaces: Assembly path does not exist: 'C:\Program Files\dotnet\sdk\7.0.304\Microsoft.Bcl.AsyncInterfaces.exe', returning.
TpTrace Information: 0 : 8284, 1, 2023/10/20, 22:04:08.780, 147662050568, vstest.console.dll, AssemblyResolver.OnResolve: Microsoft.Bcl.AsyncInterfaces: Failed to load assembly.
TpTrace Verbose: 0 : 8284, 1, 2023/10/20, 22:04:08.780, 147662050797, vstest.console.dll, CurrentDomainAssemblyResolve: Resolving assembly 'Microsoft.Bcl.AsyncInterfaces'.
TpTrace Information: 0 : 8284, 1, 2023/10/20, 22:04:08.780, 147662051216, vstest.console.dll, AssemblyResolver.OnResolve: Microsoft.Bcl.AsyncInterfaces: Resolving assembly.
TpTrace Information: 0 : 8284, 1, 2023/10/20, 22:04:08.780, 147662051456, vstest.console.dll, AssemblyResolver.OnResolve: Microsoft.Bcl.AsyncInterfaces: Resolved from cache.
TpTrace Verbose: 0 : 8284, 1, 2023/10/20, 22:04:08.780, 147662051614, vstest.console.dll, CurrentDomainAssemblyResolve: Resolving assembly 'Microsoft.Bcl.AsyncInterfaces'.
TpTrace Verbose: 0 : 8284, 1, 2023/10/20, 22:04:08.780, 147662051806, vstest.console.dll, CurrentDomainAssemblyResolve: Failed to resolve assembly 'Microsoft.Bcl.AsyncInterfaces'.
TpTrace Verbose: 0 : 8284, 1, 2023/10/20, 22:04:08.789, 147662138854, vstest.console.dll, CurrentDomainAssemblyResolve: Failed to resolve assembly 'Microsoft.Bcl.AsyncInterfaces'.
TpTrace Warning: 0 : 8284, 1, 2023/10/20, 22:04:08.799, 147662238695, vstest.console.dll, TestPluginDiscoverer: Failed to get types from assembly 'Microsoft.Diagnostics.NETCore.Client, Version=0.2.6.42401, Culture=neutral, PublicKeyToken=31bf3856ad364e35'. Error: System.Reflection.ReflectionTypeLoadException: Unable to load one or more of the requested types.
Could not load file or assembly 'Microsoft.Bcl.AsyncInterfaces, Version=1.0.0.0, Culture=neutral, PublicKeyToken=cc7b13ffcd2ddd51'. The system cannot find the file specified.
   at System.Reflection.RuntimeModule.GetTypes(RuntimeModule module)
   at System.Reflection.Assembly.GetTypes()
   at Microsoft.VisualStudio.TestPlatform.Common.ExtensionFramework.TestPluginDiscoverer.GetTestExtensionsFromAssembly[TPluginInfo,TExtension](Assembly assembly, Dictionary`2 pluginInfos, String filePath)
System.IO.FileNotFoundException: Could not load file or assembly 'Microsoft.Bcl.AsyncInterfaces, Version=1.0.0.0, Culture=neutral, PublicKeyToken=cc7b13ffcd2ddd51'. The system cannot find the file specified.
File name: 'Microsoft.Bcl.AsyncInterfaces, Version=1.0.0.0, Culture=neutral, PublicKeyToken=cc7b13ffcd2ddd51'
 ---> System.IO.FileNotFoundException: Could not load file or assembly 'Microsoft.Bcl.AsyncInterfaces, Culture=neutral, PublicKeyToken=null'. The system cannot find the file specified.
File name: 'Microsoft.Bcl.AsyncInterfaces, Culture=neutral, PublicKeyToken=null'
   at System.Reflection.RuntimeAssembly.InternalLoad(AssemblyName assemblyName, StackCrawlMark& stackMark, AssemblyLoadContext assemblyLoadContext, RuntimeAssembly requestingAssembly, Boolean throwOnFileNotFound)
   at System.Reflection.Assembly.Load(AssemblyName assemblyRef)
   at Microsoft.VisualStudio.TestPlatform.Common.ExtensionFramework.TestPluginCache.CurrentDomainAssemblyResolve(Object sender, AssemblyResolveEventArgs args)
   at System.Runtime.Loader.AssemblyLoadContext.GetFirstResolvedAssemblyFromResolvingEvent(AssemblyName assemblyName)
   at System.Runtime.Loader.AssemblyLoadContext.ResolveUsingEvent(AssemblyName assemblyName)
   at System.Runtime.Loader.AssemblyLoadContext.ResolveUsingResolvingEvent(IntPtr gchManagedAssemblyLoadContext, AssemblyName assemblyName)
TpTrace Warning: 0 : 8284, 1, 2023/10/20, 22:04:08.799, 147662242908, vstest.console.dll, LoaderExceptions: System.IO.FileNotFoundException: Could not load file or assembly 'Microsoft.Bcl.AsyncInterfaces, Version=1.0.0.0, Culture=neutral, PublicKeyToken=cc7b13ffcd2ddd51'. The system cannot find the file specified.
File name: 'Microsoft.Bcl.AsyncInterfaces, Version=1.0.0.0, Culture=neutral, PublicKeyToken=cc7b13ffcd2ddd51'
 ---> System.IO.FileNotFoundException: Could not load file or assembly 'Microsoft.Bcl.AsyncInterfaces, Culture=neutral, PublicKeyToken=null'. The system cannot find the file specified.
File name: 'Microsoft.Bcl.AsyncInterfaces, Culture=neutral, PublicKeyToken=null'
   at System.Reflection.RuntimeAssembly.InternalLoad(AssemblyName assemblyName, StackCrawlMark& stackMark, AssemblyLoadContext assemblyLoadContext, RuntimeAssembly requestingAssembly, Boolean throwOnFileNotFound)
   at System.Reflection.Assembly.Load(AssemblyName assemblyRef)
   at Microsoft.VisualStudio.TestPlatform.Common.ExtensionFramework.TestPluginCache.CurrentDomainAssemblyResolve(Object sender, AssemblyResolveEventArgs args)
   at System.Runtime.Loader.AssemblyLoadContext.GetFirstResolvedAssemblyFromResolvingEvent(AssemblyName assemblyName)
   at System.Runtime.Loader.AssemblyLoadContext.ResolveUsingEvent(AssemblyName assemblyName)
   at System.Runtime.Loader.AssemblyLoadContext.ResolveUsingResolvingEvent(IntPtr gchManagedAssemblyLoadContext, AssemblyName assemblyName)
TpTrace Information: 0 : 8284, 1, 2023/10/20, 22:04:08.799, 147662244546, vstest.console.dll, AssemblyResolver.OnResolve: Microsoft.TestPlatform.Extensions.BlameDataCollector: Resolving assembly.
TpTrace Information: 0 : 8284, 1, 2023/10/20, 22:04:08.800, 147662244855, vstest.console.dll, AssemblyResolver.OnResolve: Microsoft.TestPlatform.Extensions.BlameDataCollector: Searching in: 'C:\Program Files\dotnet\sdk\7.0.304\Extensions'.
TpTrace Information: 0 : 8284, 1, 2023/10/20, 22:04:08.801, 147662254989, vstest.console.dll, AssemblyResolver.OnResolve: Microsoft.TestPlatform.Extensions.BlameDataCollector: Loading assembly 'C:\Program Files\dotnet\sdk\7.0.304\Extensions\Microsoft.TestPlatform.Extensions.BlameDataCollector.dll'.
TpTrace Information: 0 : 8284, 1, 2023/10/20, 22:04:08.801, 147662263394, vstest.console.dll, AssemblyResolver.OnResolve: Resolved assembly: Microsoft.TestPlatform.Extensions.BlameDataCollector, from path: C:\Program Files\dotnet\sdk\7.0.304\Extensions\Microsoft.TestPlatform.Extensions.BlameDataCollector.dll
TpTrace Verbose: 0 : 8284, 1, 2023/10/20, 22:04:08.802, 147662264624, vstest.console.dll, MetadataReaderExtensionsHelper: Discovering extensions inside assembly 'Microsoft.TestPlatform.Extensions.BlameDataCollector, Version=15.0.0.0, Culture=neutral, PublicKeyToken=b03f5f7f11d50a3a' file path 'C:\Program Files\dotnet\sdk\7.0.304\Extensions\Microsoft.TestPlatform.Extensions.BlameDataCollector.dll'
TpTrace Information: 0 : 8284, 1, 2023/10/20, 22:04:08.803, 147662284376, vstest.console.dll, AssemblyResolver.OnResolve: Microsoft.TestPlatform.Extensions.EventLogCollector: Resolving assembly.
TpTrace Information: 0 : 8284, 1, 2023/10/20, 22:04:08.804, 147662285154, vstest.console.dll, AssemblyResolver.OnResolve: Microsoft.TestPlatform.Extensions.EventLogCollector: Searching in: 'C:\Program Files\dotnet\sdk\7.0.304\Extensions'.
TpTrace Information: 0 : 8284, 1, 2023/10/20, 22:04:08.804, 147662290281, vstest.console.dll, AssemblyResolver.OnResolve: Microsoft.TestPlatform.Extensions.EventLogCollector: Loading assembly 'C:\Program Files\dotnet\sdk\7.0.304\Extensions\Microsoft.TestPlatform.Extensions.EventLogCollector.dll'.
TpTrace Information: 0 : 8284, 1, 2023/10/20, 22:04:08.805, 147662295257, vstest.console.dll, AssemblyResolver.OnResolve: Resolved assembly: Microsoft.TestPlatform.Extensions.EventLogCollector, from path: C:\Program Files\dotnet\sdk\7.0.304\Extensions\Microsoft.TestPlatform.Extensions.EventLogCollector.dll
TpTrace Verbose: 0 : 8284, 1, 2023/10/20, 22:04:08.805, 147662295914, vstest.console.dll, MetadataReaderExtensionsHelper: Discovering extensions inside assembly 'Microsoft.TestPlatform.Extensions.EventLogCollector, Version=15.0.0.0, Culture=neutral, PublicKeyToken=b03f5f7f11d50a3a' file path 'C:\Program Files\dotnet\sdk\7.0.304\Extensions\Microsoft.TestPlatform.Extensions.EventLogCollector.dll'
TpTrace Information: 0 : 8284, 1, 2023/10/20, 22:04:08.807, 147662316665, vstest.console.dll, AssemblyResolver.OnResolve: Microsoft.TestPlatform.TestHostRuntimeProvider: Resolving assembly.
TpTrace Information: 0 : 8284, 1, 2023/10/20, 22:04:08.807, 147662317379, vstest.console.dll, AssemblyResolver.OnResolve: Microsoft.TestPlatform.TestHostRuntimeProvider: Searching in: 'C:\Program Files\dotnet\sdk\7.0.304\Extensions'.
TpTrace Information: 0 : 8284, 1, 2023/10/20, 22:04:08.808, 147662324746, vstest.console.dll, AssemblyResolver.OnResolve: Microsoft.TestPlatform.TestHostRuntimeProvider: Loading assembly 'C:\Program Files\dotnet\sdk\7.0.304\Extensions\Microsoft.TestPlatform.TestHostRuntimeProvider.dll'.
TpTrace Information: 0 : 8284, 1, 2023/10/20, 22:04:08.809, 147662336162, vstest.console.dll, AssemblyResolver.OnResolve: Resolved assembly: Microsoft.TestPlatform.TestHostRuntimeProvider, from path: C:\Program Files\dotnet\sdk\7.0.304\Extensions\Microsoft.TestPlatform.TestHostRuntimeProvider.dll
TpTrace Verbose: 0 : 8284, 1, 2023/10/20, 22:04:08.809, 147662337456, vstest.console.dll, MetadataReaderExtensionsHelper: Discovering extensions inside assembly 'Microsoft.TestPlatform.TestHostRuntimeProvider, Version=15.0.0.0, Culture=neutral, PublicKeyToken=b03f5f7f11d50a3a' file path 'C:\Program Files\dotnet\sdk\7.0.304\Extensions\Microsoft.TestPlatform.TestHostRuntimeProvider.dll'
TpTrace Information: 0 : 8284, 1, 2023/10/20, 22:04:08.811, 147662361928, vstest.console.dll, GetTestExtensionFromType: Register extension with identifier data 'HostProvider://DefaultTestHost' and type 'Microsoft.VisualStudio.TestPlatform.CrossPlatEngine.Hosting.DefaultTestHostManager, Microsoft.TestPlatform.TestHostRuntimeProvider, Version=15.0.0.0, Culture=neutral, PublicKeyToken=b03f5f7f11d50a3a' inside file 'C:\Program Files\dotnet\sdk\7.0.304\Extensions\Microsoft.TestPlatform.TestHostRuntimeProvider.dll'
TpTrace Information: 0 : 8284, 1, 2023/10/20, 22:04:08.811, 147662364470, vstest.console.dll, GetTestExtensionFromType: Register extension with identifier data 'HostProvider://DotnetTestHost' and type 'Microsoft.VisualStudio.TestPlatform.CrossPlatEngine.Hosting.DotnetTestHostManager, Microsoft.TestPlatform.TestHostRuntimeProvider, Version=15.0.0.0, Culture=neutral, PublicKeyToken=b03f5f7f11d50a3a' inside file 'C:\Program Files\dotnet\sdk\7.0.304\Extensions\Microsoft.TestPlatform.TestHostRuntimeProvider.dll'
TpTrace Information: 0 : 8284, 1, 2023/10/20, 22:04:08.812, 147662365240, vstest.console.dll, AssemblyResolver.OnResolve: Microsoft.VisualStudio.TestPlatform.Extensions.Html.TestLogger: Resolving assembly.
TpTrace Information: 0 : 8284, 1, 2023/10/20, 22:04:08.812, 147662365472, vstest.console.dll, AssemblyResolver.OnResolve: Microsoft.VisualStudio.TestPlatform.Extensions.Html.TestLogger: Searching in: 'C:\Program Files\dotnet\sdk\7.0.304\Extensions'.
TpTrace Information: 0 : 8284, 1, 2023/10/20, 22:04:08.812, 147662373799, vstest.console.dll, AssemblyResolver.OnResolve: Microsoft.VisualStudio.TestPlatform.Extensions.Html.TestLogger: Loading assembly 'C:\Program Files\dotnet\sdk\7.0.304\Extensions\Microsoft.VisualStudio.TestPlatform.Extensions.Html.TestLogger.dll'.
TpTrace Information: 0 : 8284, 1, 2023/10/20, 22:04:08.813, 147662382938, vstest.console.dll, AssemblyResolver.OnResolve: Resolved assembly: Microsoft.VisualStudio.TestPlatform.Extensions.Html.TestLogger, from path: C:\Program Files\dotnet\sdk\7.0.304\Extensions\Microsoft.VisualStudio.TestPlatform.Extensions.Html.TestLogger.dll
TpTrace Verbose: 0 : 8284, 1, 2023/10/20, 22:04:08.813, 147662383726, vstest.console.dll, MetadataReaderExtensionsHelper: Discovering extensions inside assembly 'Microsoft.VisualStudio.TestPlatform.Extensions.Html.TestLogger, Version=15.0.0.0, Culture=neutral, PublicKeyToken=b03f5f7f11d50a3a' file path 'C:\Program Files\dotnet\sdk\7.0.304\Extensions\Microsoft.VisualStudio.TestPlatform.Extensions.Html.TestLogger.dll'
TpTrace Information: 0 : 8284, 1, 2023/10/20, 22:04:08.815, 147662396588, vstest.console.dll, AssemblyResolver.OnResolve: Microsoft.VisualStudio.TestPlatform.Extensions.Trx.TestLogger: Resolving assembly.
TpTrace Information: 0 : 8284, 1, 2023/10/20, 22:04:08.815, 147662397364, vstest.console.dll, AssemblyResolver.OnResolve: Microsoft.VisualStudio.TestPlatform.Extensions.Trx.TestLogger: Searching in: 'C:\Program Files\dotnet\sdk\7.0.304\Extensions'.
TpTrace Information: 0 : 8284, 1, 2023/10/20, 22:04:08.816, 147662406673, vstest.console.dll, AssemblyResolver.OnResolve: Microsoft.VisualStudio.TestPlatform.Extensions.Trx.TestLogger: Loading assembly 'C:\Program Files\dotnet\sdk\7.0.304\Extensions\Microsoft.VisualStudio.TestPlatform.Extensions.Trx.TestLogger.dll'.
TpTrace Information: 0 : 8284, 1, 2023/10/20, 22:04:08.817, 147662417741, vstest.console.dll, AssemblyResolver.OnResolve: Resolved assembly: Microsoft.VisualStudio.TestPlatform.Extensions.Trx.TestLogger, from path: C:\Program Files\dotnet\sdk\7.0.304\Extensions\Microsoft.VisualStudio.TestPlatform.Extensions.Trx.TestLogger.dll
TpTrace Verbose: 0 : 8284, 1, 2023/10/20, 22:04:08.817, 147662418896, vstest.console.dll, MetadataReaderExtensionsHelper: Discovering extensions inside assembly 'Microsoft.VisualStudio.TestPlatform.Extensions.Trx.TestLogger, Version=15.0.0.0, Culture=neutral, PublicKeyToken=b03f5f7f11d50a3a' file path 'C:\Program Files\dotnet\sdk\7.0.304\Extensions\Microsoft.VisualStudio.TestPlatform.Extensions.Trx.TestLogger.dll'
TpTrace Verbose: 0 : 8284, 1, 2023/10/20, 22:04:08.819, 147662439909, vstest.console.dll, TestPluginCache: Discovered the extensions using extension path ''.
TpTrace Verbose: 0 : 8284, 1, 2023/10/20, 22:04:08.819, 147662441039, vstest.console.dll, TestPluginCache: Discoverers are ''.
TpTrace Verbose: 0 : 8284, 1, 2023/10/20, 22:04:08.819, 147662441419, vstest.console.dll, TestPluginCache: Executors are ''.
TpTrace Verbose: 0 : 8284, 1, 2023/10/20, 22:04:08.819, 147662441689, vstest.console.dll, TestPluginCache: Executors2 are ''.
TpTrace Verbose: 0 : 8284, 1, 2023/10/20, 22:04:08.819, 147662441920, vstest.console.dll, TestPluginCache: Setting providers are ''.
TpTrace Verbose: 0 : 8284, 1, 2023/10/20, 22:04:08.819, 147662442122, vstest.console.dll, TestPluginCache: Loggers are ''.
TpTrace Verbose: 0 : 8284, 1, 2023/10/20, 22:04:08.819, 147662443783, vstest.console.dll, TestPluginCache: TestHosts are 'HostProvider://DefaultTestHost,HostProvider://DotnetTestHost'.
TpTrace Verbose: 0 : 8284, 1, 2023/10/20, 22:04:08.819, 147662444165, vstest.console.dll, TestPluginCache: DataCollectors are ''.
TpTrace Information: 0 : 8284, 1, 2023/10/20, 22:04:08.835, 147662597752, vstest.console.dll, RunTestsArgumentProcessor:Execute: Test run is starting.
TpTrace Verbose: 0 : 8284, 1, 2023/10/20, 22:04:08.835, 147662599091, vstest.console.dll, RunTestsArgumentProcessor:Execute: Queuing Test run.
TpTrace Information: 0 : 8284, 1, 2023/10/20, 22:04:08.836, 147662604933, vstest.console.dll, TestRequestManager.RunTests: run tests started.
TpTrace Information: 0 : 8284, 1, 2023/10/20, 22:04:08.837, 147662622251, vstest.console.dll, AssemblyMetadataProvider.GetFrameworkName: Determined framework:'.NETCoreApp,Version=v6.0' for source: 'E:\API-project\AzurePipelineTest\bin\Debug\net6.0\fine-code-coverage\build-output\AzurePipelineTest.dll'
TpTrace Information: 0 : 8284, 1, 2023/10/20, 22:04:08.838, 147662625039, vstest.console.dll, Determined framework for all sources: .NETCoreApp,Version=v6.0
TpTrace Verbose: 0 : 8284, 1, 2023/10/20, 22:04:08.838, 147662630486, vstest.console.dll, TestRequestManager.UpdateRunSettingsIfRequired: Default architecture: X64 IsDefaultTargetArchitecture: True, Current process architecture: X64 OperatingSystem: Windows.
TpTrace Information: 0 : 8284, 1, 2023/10/20, 22:04:08.840, 147662653370, vstest.console.dll, AssemblyMetadataProvider.GetArchitecture: Determined architecture:AnyCPU info for assembly: E:\API-project\AzurePipelineTest\bin\Debug\net6.0\fine-code-coverage\build-output\AzurePipelineTest.dll
TpTrace Information: 0 : 8284, 1, 2023/10/20, 22:04:08.840, 147662654263, vstest.console.dll, Determined platform for source 'E:\API-project\AzurePipelineTest\bin\Debug\net6.0\fine-code-coverage\build-output\AzurePipelineTest.dll' was AnyCPU and it will use the default plaform X64.
TpTrace Information: 0 : 8284, 1, 2023/10/20, 22:04:08.840, 147662654521, vstest.console.dll, None of the sources provided any runnable platform, using the default platform: X64
TpTrace Information: 0 : 8284, 1, 2023/10/20, 22:04:08.841, 147662655750, vstest.console.dll, Platform was updated to 'X64'.
TpTrace Information: 0 : 8284, 1, 2023/10/20, 22:04:08.847, 147662721780, vstest.console.dll, InferRunSettingsHelper.IsTestSettingsEnabled: Unable to navigate to RunSettings/MSTest. Current node: RunSettings
TpTrace Information: 0 : 8284, 1, 2023/10/20, 22:04:08.849, 147662740488, vstest.console.dll, AssemblyResolver.OnResolve: Microsoft.VisualStudio.TestPlatform.Fakes: Resolving assembly.
TpTrace Information: 0 : 8284, 1, 2023/10/20, 22:04:08.849, 147662741784, vstest.console.dll, AssemblyResolver.OnResolve: Microsoft.VisualStudio.TestPlatform.Fakes: Searching in: 'C:\Program Files\dotnet\sdk\7.0.304\Extensions'.
TpTrace Information: 0 : 8284, 1, 2023/10/20, 22:04:08.849, 147662743121, vstest.console.dll, AssemblyResolver.OnResolve: Microsoft.VisualStudio.TestPlatform.Fakes: Assembly path does not exist: 'C:\Program Files\dotnet\sdk\7.0.304\Extensions\Microsoft.VisualStudio.TestPlatform.Fakes.dll', returning.
TpTrace Information: 0 : 8284, 1, 2023/10/20, 22:04:08.849, 147662743650, vstest.console.dll, AssemblyResolver.OnResolve: Microsoft.VisualStudio.TestPlatform.Fakes: Assembly path does not exist: 'C:\Program Files\dotnet\sdk\7.0.304\Extensions\Microsoft.VisualStudio.TestPlatform.Fakes.exe', returning.
TpTrace Information: 0 : 8284, 1, 2023/10/20, 22:04:08.849, 147662743905, vstest.console.dll, AssemblyResolver.OnResolve: Microsoft.VisualStudio.TestPlatform.Fakes: Searching in: 'C:\Program Files\dotnet\sdk\7.0.304'.
TpTrace Information: 0 : 8284, 1, 2023/10/20, 22:04:08.849, 147662744335, vstest.console.dll, AssemblyResolver.OnResolve: Microsoft.VisualStudio.TestPlatform.Fakes: Assembly path does not exist: 'C:\Program Files\dotnet\sdk\7.0.304\Microsoft.VisualStudio.TestPlatform.Fakes.dll', returning.
TpTrace Information: 0 : 8284, 1, 2023/10/20, 22:04:08.850, 147662744973, vstest.console.dll, AssemblyResolver.OnResolve: Microsoft.VisualStudio.TestPlatform.Fakes: Assembly path does not exist: 'C:\Program Files\dotnet\sdk\7.0.304\Microsoft.VisualStudio.TestPlatform.Fakes.exe', returning.
TpTrace Information: 0 : 8284, 1, 2023/10/20, 22:04:08.850, 147662745302, vstest.console.dll, AssemblyResolver.OnResolve: Microsoft.VisualStudio.TestPlatform.Fakes: Failed to load assembly.
TpTrace Information: 0 : 8284, 1, 2023/10/20, 22:04:08.850, 147662748653, vstest.console.dll, Failed to load assembly Microsoft.VisualStudio.TestPlatform.Fakes, Version=17.0.0.0, Culture=neutral. Reason:System.IO.FileNotFoundException: Could not load file or assembly 'Microsoft.VisualStudio.TestPlatform.Fakes, Version=17.0.0.0, Culture=neutral, PublicKeyToken=null'. The system cannot find the file specified.
File name: 'Microsoft.VisualStudio.TestPlatform.Fakes, Version=17.0.0.0, Culture=neutral, PublicKeyToken=null'
   at System.Reflection.RuntimeAssembly.InternalLoad(AssemblyName assemblyName, StackCrawlMark& stackMark, AssemblyLoadContext assemblyLoadContext, RuntimeAssembly requestingAssembly, Boolean throwOnFileNotFound)
   at System.Reflection.Assembly.Load(AssemblyName assemblyRef)
   at Microsoft.VisualStudio.TestPlatform.Common.Utilities.FakesUtilities.LoadTestPlatformAssembly()
TpTrace Verbose: 0 : 8284, 1, 2023/10/20, 22:04:08.854, 147662793281, vstest.console.dll, TestPluginCache.DiscoverTestExtensions: finding test extensions in assemblies ends with: TestLogger.dll TPluginInfo: Microsoft.VisualStudio.TestPlatform.Common.ExtensionFramework.Utilities.TestLoggerPluginInformation TExtension: Microsoft.VisualStudio.TestPlatform.ObjectModel.Client.ITestLogger
TpTrace Verbose: 0 : 8284, 1, 2023/10/20, 22:04:08.855, 147662794692, vstest.console.dll, TestPluginCache.GetExtensionPaths: Filtered extension paths: 
TpTrace Verbose: 0 : 8284, 1, 2023/10/20, 22:04:08.855, 147662795135, vstest.console.dll, TestPluginCache.GetExtensionPaths: Added default extension paths: C:\Program Files\dotnet\sdk\7.0.304\Extensions\Microsoft.Diagnostics.NETCore.Client.dll
C:\Program Files\dotnet\sdk\7.0.304\Extensions\Microsoft.TestPlatform.Extensions.BlameDataCollector.dll
C:\Program Files\dotnet\sdk\7.0.304\Extensions\Microsoft.TestPlatform.Extensions.EventLogCollector.dll
C:\Program Files\dotnet\sdk\7.0.304\Extensions\Microsoft.TestPlatform.TestHostRuntimeProvider.dll
C:\Program Files\dotnet\sdk\7.0.304\Extensions\Microsoft.VisualStudio.TestPlatform.Extensions.Html.TestLogger.dll
C:\Program Files\dotnet\sdk\7.0.304\Extensions\Microsoft.VisualStudio.TestPlatform.Extensions.Trx.TestLogger.dll
TpTrace Verbose: 0 : 8284, 1, 2023/10/20, 22:04:08.855, 147662795360, vstest.console.dll, TestPluginCache.GetExtensionPaths: Added unfilterableExtensionPaths: 
TpTrace Information: 0 : 8284, 1, 2023/10/20, 22:04:08.855, 147662797150, vstest.console.dll, AssemblyResolver.AddSearchDirectories: Adding more searchDirectories C:\Program Files\dotnet\sdk\7.0.304\Extensions,C:\Program Files\dotnet\sdk\7.0.304
TpTrace Verbose: 0 : 8284, 1, 2023/10/20, 22:04:08.855, 147662797926, vstest.console.dll, TestPluginCache.DiscoverTestExtensions: Discovering the extensions using extension path.
TpTrace Verbose: 0 : 8284, 1, 2023/10/20, 22:04:08.855, 147662798298, vstest.console.dll, TestPluginCache.GetExtensionPaths: Filtered extension paths: 
TpTrace Verbose: 0 : 8284, 1, 2023/10/20, 22:04:08.855, 147662798563, vstest.console.dll, TestPluginCache.GetExtensionPaths: Added default extension paths: C:\Program Files\dotnet\sdk\7.0.304\Extensions\Microsoft.Diagnostics.NETCore.Client.dll
C:\Program Files\dotnet\sdk\7.0.304\Extensions\Microsoft.TestPlatform.Extensions.BlameDataCollector.dll
C:\Program Files\dotnet\sdk\7.0.304\Extensions\Microsoft.TestPlatform.Extensions.EventLogCollector.dll
C:\Program Files\dotnet\sdk\7.0.304\Extensions\Microsoft.TestPlatform.TestHostRuntimeProvider.dll
C:\Program Files\dotnet\sdk\7.0.304\Extensions\Microsoft.VisualStudio.TestPlatform.Extensions.Html.TestLogger.dll
C:\Program Files\dotnet\sdk\7.0.304\Extensions\Microsoft.VisualStudio.TestPlatform.Extensions.Trx.TestLogger.dll
TpTrace Verbose: 0 : 8284, 1, 2023/10/20, 22:04:08.855, 147662798797, vstest.console.dll, TestPluginCache.GetExtensionPaths: Added unfilterableExtensionPaths: 
TpTrace Verbose: 0 : 8284, 1, 2023/10/20, 22:04:08.855, 147662799076, vstest.console.dll, TestPluginCache.DiscoverTestExtensions: Discovering the extensions using allExtensionPaths: C:\Program Files\dotnet\sdk\7.0.304\Extensions\Microsoft.Diagnostics.NETCore.Client.dll
C:\Program Files\dotnet\sdk\7.0.304\Extensions\Microsoft.TestPlatform.Extensions.BlameDataCollector.dll
C:\Program Files\dotnet\sdk\7.0.304\Extensions\Microsoft.TestPlatform.Extensions.EventLogCollector.dll
C:\Program Files\dotnet\sdk\7.0.304\Extensions\Microsoft.TestPlatform.TestHostRuntimeProvider.dll
C:\Program Files\dotnet\sdk\7.0.304\Extensions\Microsoft.VisualStudio.TestPlatform.Extensions.Html.TestLogger.dll
C:\Program Files\dotnet\sdk\7.0.304\Extensions\Microsoft.VisualStudio.TestPlatform.Extensions.Trx.TestLogger.dll
TpTrace Information: 0 : 8284, 1, 2023/10/20, 22:04:08.855, 147662800044, vstest.console.dll, AssemblyResolver.AddSearchDirectories: Adding more searchDirectories C:\Program Files\dotnet\sdk\7.0.304\Extensions,C:\Program Files\dotnet\sdk\7.0.304
TpTrace Information: 0 : 8284, 1, 2023/10/20, 22:04:08.855, 147662800589, vstest.console.dll, AssemblyResolver.AddSearchDirectories: Adding more searchDirectories C:\Program Files\dotnet\sdk\7.0.304\Extensions,C:\Program Files\dotnet\sdk\7.0.304
TpTrace Information: 0 : 8284, 1, 2023/10/20, 22:04:08.855, 147662800936, vstest.console.dll, AssemblyResolver.AddSearchDirectories: Adding more searchDirectories C:\Program Files\dotnet\sdk\7.0.304\Extensions,C:\Program Files\dotnet\sdk\7.0.304
TpTrace Information: 0 : 8284, 1, 2023/10/20, 22:04:08.855, 147662801305, vstest.console.dll, AssemblyResolver.AddSearchDirectories: Adding more searchDirectories C:\Program Files\dotnet\sdk\7.0.304\Extensions,C:\Program Files\dotnet\sdk\7.0.304
TpTrace Information: 0 : 8284, 1, 2023/10/20, 22:04:08.855, 147662802052, vstest.console.dll, AssemblyResolver.AddSearchDirectories: Adding more searchDirectories C:\Program Files\dotnet\sdk\7.0.304\Extensions,C:\Program Files\dotnet\sdk\7.0.304
TpTrace Information: 0 : 8284, 1, 2023/10/20, 22:04:08.855, 147662802462, vstest.console.dll, AssemblyResolver.AddSearchDirectories: Adding more searchDirectories C:\Program Files\dotnet\sdk\7.0.304\Extensions,C:\Program Files\dotnet\sdk\7.0.304
TpTrace Verbose: 0 : 8284, 1, 2023/10/20, 22:04:08.855, 147662803844, vstest.console.dll, MetadataReaderExtensionsHelper: Discovering extensions inside assembly 'Microsoft.Diagnostics.NETCore.Client, Version=0.2.6.42401, Culture=neutral, PublicKeyToken=31bf3856ad364e35' file path 'C:\Program Files\dotnet\sdk\7.0.304\Extensions\Microsoft.Diagnostics.NETCore.Client.dll'
TpTrace Information: 0 : 8284, 1, 2023/10/20, 22:04:08.857, 147662818605, vstest.console.dll, AssemblyResolver.OnResolve: Microsoft.Bcl.AsyncInterfaces: Resolving assembly.
TpTrace Information: 0 : 8284, 1, 2023/10/20, 22:04:08.857, 147662819578, vstest.console.dll, AssemblyResolver.OnResolve: Microsoft.Bcl.AsyncInterfaces: Resolved from cache.
TpTrace Verbose: 0 : 8284, 1, 2023/10/20, 22:04:08.857, 147662819956, vstest.console.dll, CurrentDomainAssemblyResolve: Resolving assembly 'Microsoft.Bcl.AsyncInterfaces'.
TpTrace Information: 0 : 8284, 1, 2023/10/20, 22:04:08.857, 147662820512, vstest.console.dll, AssemblyResolver.OnResolve: Microsoft.Bcl.AsyncInterfaces: Resolving assembly.
TpTrace Information: 0 : 8284, 1, 2023/10/20, 22:04:08.857, 147662820801, vstest.console.dll, AssemblyResolver.OnResolve: Microsoft.Bcl.AsyncInterfaces: Resolved from cache.
TpTrace Verbose: 0 : 8284, 1, 2023/10/20, 22:04:08.857, 147662821021, vstest.console.dll, CurrentDomainAssemblyResolve: Resolving assembly 'Microsoft.Bcl.AsyncInterfaces'.
TpTrace Verbose: 0 : 8284, 1, 2023/10/20, 22:04:08.857, 147662821404, vstest.console.dll, CurrentDomainAssemblyResolve: Failed to resolve assembly 'Microsoft.Bcl.AsyncInterfaces'.
TpTrace Verbose: 0 : 8284, 1, 2023/10/20, 22:04:08.858, 147662825059, vstest.console.dll, CurrentDomainAssemblyResolve: Failed to resolve assembly 'Microsoft.Bcl.AsyncInterfaces'.
TpTrace Warning: 0 : 8284, 1, 2023/10/20, 22:04:08.858, 147662829985, vstest.console.dll, TestPluginDiscoverer: Failed to get types from assembly 'Microsoft.Diagnostics.NETCore.Client, Version=0.2.6.42401, Culture=neutral, PublicKeyToken=31bf3856ad364e35'. Error: System.Reflection.ReflectionTypeLoadException: Unable to load one or more of the requested types.
Could not load file or assembly 'Microsoft.Bcl.AsyncInterfaces, Version=1.0.0.0, Culture=neutral, PublicKeyToken=cc7b13ffcd2ddd51'. The system cannot find the file specified.
   at System.Reflection.RuntimeModule.GetTypes(RuntimeModule module)
   at System.Reflection.Assembly.GetTypes()
   at Microsoft.VisualStudio.TestPlatform.Common.ExtensionFramework.TestPluginDiscoverer.GetTestExtensionsFromAssembly[TPluginInfo,TExtension](Assembly assembly, Dictionary`2 pluginInfos, String filePath)
System.IO.FileNotFoundException: Could not load file or assembly 'Microsoft.Bcl.AsyncInterfaces, Version=1.0.0.0, Culture=neutral, PublicKeyToken=cc7b13ffcd2ddd51'. The system cannot find the file specified.
File name: 'Microsoft.Bcl.AsyncInterfaces, Version=1.0.0.0, Culture=neutral, PublicKeyToken=cc7b13ffcd2ddd51'
 ---> System.IO.FileNotFoundException: Could not load file or assembly 'Microsoft.Bcl.AsyncInterfaces, Culture=neutral, PublicKeyToken=null'. The system cannot find the file specified.
File name: 'Microsoft.Bcl.AsyncInterfaces, Culture=neutral, PublicKeyToken=null'
   at System.Reflection.RuntimeAssembly.InternalLoad(AssemblyName assemblyName, StackCrawlMark& stackMark, AssemblyLoadContext assemblyLoadContext, RuntimeAssembly requestingAssembly, Boolean throwOnFileNotFound)
   at System.Reflection.Assembly.Load(AssemblyName assemblyRef)
   at Microsoft.VisualStudio.TestPlatform.Common.ExtensionFramework.TestPluginCache.CurrentDomainAssemblyResolve(Object sender, AssemblyResolveEventArgs args)
   at System.Runtime.Loader.AssemblyLoadContext.GetFirstResolvedAssemblyFromResolvingEvent(AssemblyName assemblyName)
   at System.Runtime.Loader.AssemblyLoadContext.ResolveUsingEvent(AssemblyName assemblyName)
   at System.Runtime.Loader.AssemblyLoadContext.ResolveUsingResolvingEvent(IntPtr gchManagedAssemblyLoadContext, AssemblyName assemblyName)
TpTrace Warning: 0 : 8284, 1, 2023/10/20, 22:04:08.858, 147662831947, vstest.console.dll, LoaderExceptions: System.IO.FileNotFoundException: Could not load file or assembly 'Microsoft.Bcl.AsyncInterfaces, Version=1.0.0.0, Culture=neutral, PublicKeyToken=cc7b13ffcd2ddd51'. The system cannot find the file specified.
File name: 'Microsoft.Bcl.AsyncInterfaces, Version=1.0.0.0, Culture=neutral, PublicKeyToken=cc7b13ffcd2ddd51'
 ---> System.IO.FileNotFoundException: Could not load file or assembly 'Microsoft.Bcl.AsyncInterfaces, Culture=neutral, PublicKeyToken=null'. The system cannot find the file specified.
File name: 'Microsoft.Bcl.AsyncInterfaces, Culture=neutral, PublicKeyToken=null'
   at System.Reflection.RuntimeAssembly.InternalLoad(AssemblyName assemblyName, StackCrawlMark& stackMark, AssemblyLoadContext assemblyLoadContext, RuntimeAssembly requestingAssembly, Boolean throwOnFileNotFound)
   at System.Reflection.Assembly.Load(AssemblyName assemblyRef)
   at Microsoft.VisualStudio.TestPlatform.Common.ExtensionFramework.TestPluginCache.CurrentDomainAssemblyResolve(Object sender, AssemblyResolveEventArgs args)
   at System.Runtime.Loader.AssemblyLoadContext.GetFirstResolvedAssemblyFromResolvingEvent(AssemblyName assemblyName)
   at System.Runtime.Loader.AssemblyLoadContext.ResolveUsingEvent(AssemblyName assemblyName)
   at System.Runtime.Loader.AssemblyLoadContext.ResolveUsingResolvingEvent(IntPtr gchManagedAssemblyLoadContext, AssemblyName assemblyName)
TpTrace Verbose: 0 : 8284, 1, 2023/10/20, 22:04:08.858, 147662833090, vstest.console.dll, MetadataReaderExtensionsHelper: Discovering extensions inside assembly 'Microsoft.TestPlatform.Extensions.BlameDataCollector, Version=15.0.0.0, Culture=neutral, PublicKeyToken=b03f5f7f11d50a3a' file path 'C:\Program Files\dotnet\sdk\7.0.304\Extensions\Microsoft.TestPlatform.Extensions.BlameDataCollector.dll'
TpTrace Information: 0 : 8284, 1, 2023/10/20, 22:04:08.859, 147662843938, vstest.console.dll, GetTestExtensionFromType: Register extension with identifier data 'logger://Microsoft/TestPlatform/Extensions/Blame/v1' and type 'Microsoft.TestPlatform.Extensions.BlameDataCollector.BlameLogger, Microsoft.TestPlatform.Extensions.BlameDataCollector, Version=15.0.0.0, Culture=neutral, PublicKeyToken=b03f5f7f11d50a3a' inside file 'C:\Program Files\dotnet\sdk\7.0.304\Extensions\Microsoft.TestPlatform.Extensions.BlameDataCollector.dll'
TpTrace Verbose: 0 : 8284, 1, 2023/10/20, 22:04:08.860, 147662844909, vstest.console.dll, MetadataReaderExtensionsHelper: Discovering extensions inside assembly 'Microsoft.TestPlatform.Extensions.EventLogCollector, Version=15.0.0.0, Culture=neutral, PublicKeyToken=b03f5f7f11d50a3a' file path 'C:\Program Files\dotnet\sdk\7.0.304\Extensions\Microsoft.TestPlatform.Extensions.EventLogCollector.dll'
TpTrace Verbose: 0 : 8284, 1, 2023/10/20, 22:04:08.860, 147662851856, vstest.console.dll, MetadataReaderExtensionsHelper: Discovering extensions inside assembly 'Microsoft.TestPlatform.TestHostRuntimeProvider, Version=15.0.0.0, Culture=neutral, PublicKeyToken=b03f5f7f11d50a3a' file path 'C:\Program Files\dotnet\sdk\7.0.304\Extensions\Microsoft.TestPlatform.TestHostRuntimeProvider.dll'
TpTrace Verbose: 0 : 8284, 1, 2023/10/20, 22:04:08.861, 147662858332, vstest.console.dll, MetadataReaderExtensionsHelper: Discovering extensions inside assembly 'Microsoft.VisualStudio.TestPlatform.Extensions.Html.TestLogger, Version=15.0.0.0, Culture=neutral, PublicKeyToken=b03f5f7f11d50a3a' file path 'C:\Program Files\dotnet\sdk\7.0.304\Extensions\Microsoft.VisualStudio.TestPlatform.Extensions.Html.TestLogger.dll'
TpTrace Information: 0 : 8284, 1, 2023/10/20, 22:04:08.862, 147662867593, vstest.console.dll, GetTestExtensionFromType: Register extension with identifier data 'logger://Microsoft/TestPlatform/HtmlLogger/v1' and type 'Microsoft.VisualStudio.TestPlatform.Extensions.HtmlLogger.HtmlLogger, Microsoft.VisualStudio.TestPlatform.Extensions.Html.TestLogger, Version=15.0.0.0, Culture=neutral, PublicKeyToken=b03f5f7f11d50a3a' inside file 'C:\Program Files\dotnet\sdk\7.0.304\Extensions\Microsoft.VisualStudio.TestPlatform.Extensions.Html.TestLogger.dll'
TpTrace Verbose: 0 : 8284, 1, 2023/10/20, 22:04:08.862, 147662868523, vstest.console.dll, MetadataReaderExtensionsHelper: Discovering extensions inside assembly 'Microsoft.VisualStudio.TestPlatform.Extensions.Trx.TestLogger, Version=15.0.0.0, Culture=neutral, PublicKeyToken=b03f5f7f11d50a3a' file path 'C:\Program Files\dotnet\sdk\7.0.304\Extensions\Microsoft.VisualStudio.TestPlatform.Extensions.Trx.TestLogger.dll'
TpTrace Information: 0 : 8284, 1, 2023/10/20, 22:04:08.863, 147662875373, vstest.console.dll, GetTestExtensionFromType: Register extension with identifier data 'logger://Microsoft/TestPlatform/TrxLogger/v1' and type 'Microsoft.VisualStudio.TestPlatform.Extensions.TrxLogger.TrxLogger, Microsoft.VisualStudio.TestPlatform.Extensions.Trx.TestLogger, Version=15.0.0.0, Culture=neutral, PublicKeyToken=b03f5f7f11d50a3a' inside file 'C:\Program Files\dotnet\sdk\7.0.304\Extensions\Microsoft.VisualStudio.TestPlatform.Extensions.Trx.TestLogger.dll'
TpTrace Verbose: 0 : 8284, 1, 2023/10/20, 22:04:08.863, 147662876591, vstest.console.dll, TestPluginCache: Discovered the extensions using extension path ''.
TpTrace Verbose: 0 : 8284, 1, 2023/10/20, 22:04:08.863, 147662877039, vstest.console.dll, TestPluginCache: Discoverers are ''.
TpTrace Verbose: 0 : 8284, 1, 2023/10/20, 22:04:08.863, 147662877223, vstest.console.dll, TestPluginCache: Executors are ''.
TpTrace Verbose: 0 : 8284, 1, 2023/10/20, 22:04:08.863, 147662877421, vstest.console.dll, TestPluginCache: Executors2 are ''.
TpTrace Verbose: 0 : 8284, 1, 2023/10/20, 22:04:08.863, 147662877621, vstest.console.dll, TestPluginCache: Setting providers are ''.
TpTrace Verbose: 0 : 8284, 1, 2023/10/20, 22:04:08.863, 147662878380, vstest.console.dll, TestPluginCache: Loggers are 'logger://Microsoft/TestPlatform/Extensions/Blame/v1,logger://Microsoft/TestPlatform/HtmlLogger/v1,logger://Microsoft/TestPlatform/TrxLogger/v1'.
TpTrace Verbose: 0 : 8284, 1, 2023/10/20, 22:04:08.863, 147662878831, vstest.console.dll, TestPluginCache: TestHosts are 'HostProvider://DefaultTestHost,HostProvider://DotnetTestHost'.
TpTrace Verbose: 0 : 8284, 1, 2023/10/20, 22:04:08.863, 147662879047, vstest.console.dll, TestPluginCache: DataCollectors are ''.
TpTrace Information: 0 : 8284, 1, 2023/10/20, 22:04:08.864, 147662892104, vstest.console.dll, TestPluginManager.CreateTestExtension: Attempting to load test extension: Microsoft.TestPlatform.Extensions.BlameDataCollector.BlameLogger
TpTrace Verbose: 0 : 8284, 1, 2023/10/20, 22:04:08.875, 147662999018, vstest.console.dll, TestEngine: Initializing Parallel Execution as MaxCpuCount is set to: 1
TpTrace Information: 0 : 8284, 1, 2023/10/20, 22:04:08.877, 147663016272, vstest.console.dll, TestPluginManager.CreateTestExtension: Attempting to load test extension: Microsoft.VisualStudio.TestPlatform.CrossPlatEngine.Hosting.DefaultTestHostManager
TpTrace Information: 0 : 8284, 1, 2023/10/20, 22:04:08.878, 147663028660, vstest.console.dll, TestPluginManager.CreateTestExtension: Attempting to load test extension: Microsoft.VisualStudio.TestPlatform.CrossPlatEngine.Hosting.DotnetTestHostManager
TpTrace Information: 0 : 8284, 1, 2023/10/20, 22:04:08.879, 147663039432, vstest.console.dll, InferRunSettingsHelper.IsTestSettingsEnabled: Unable to navigate to RunSettings/MSTest. Current node: RunSettings
TpTrace Verbose: 0 : 8284, 1, 2023/10/20, 22:04:08.884, 147663087055, vstest.console.dll, TestEngine.GetExecutionManager: Chosen execution manager 'Microsoft.VisualStudio.TestPlatform.CrossPlatEngine.Client.Parallel.ParallelProxyExecutionManager, Microsoft.TestPlatform.CrossPlatEngine, Version=15.0.0.0, Culture=neutral, PublicKeyToken=b03f5f7f11d50a3a' ParallelLevel '1'.
TpTrace Verbose: 0 : 8284, 1, 2023/10/20, 22:04:08.884, 147663089007, vstest.console.dll, TestRunRequest.ExecuteAsync: Creating test run request.
TpTrace Verbose: 0 : 8284, 1, 2023/10/20, 22:04:08.884, 147663090878, vstest.console.dll, TestRunRequest.ExecuteAsync: Starting.
TpTrace Information: 0 : 8284, 1, 2023/10/20, 22:04:08.884, 147663093077, vstest.console.dll, TestRunRequest.ExecuteAsync: Starting run with settings:TestRunCriteria:
   KeepAlive=False,FrequencyOfRunStatsChangeEvent=10,RunStatsChangeEventTimeout=00:00:01.5000000,TestCaseFilter=,TestExecutorLauncher=
   Settingsxml=<RunSettings>
  <RunConfiguration>
    <ResultsDirectory>E:\API-project\AzurePipelineTest\bin\Debug\net6.0\fine-code-coverage\coverage-tool-output</ResultsDirectory>
    <TargetPlatform>X64</TargetPlatform>
    <TargetFrameworkVersion>.NETCoreApp,Version=v6.0</TargetFrameworkVersion>
    <DesignMode>False</DesignMode>
    <CollectSourceInformation>False</CollectSourceInformation>
  </RunConfiguration>
  <LoggerRunSettings>
    <Loggers>
      <Logger friendlyName="blame" enabled="True" />
      <Logger friendlyName="Console" uri="logger://microsoft/TestPlatform/ConsoleLogger/v1" assemblyQualifiedName="Microsoft.VisualStudio.TestPlatform.CommandLine.Internal.ConsoleLogger, vstest.console, Version=15.0.0.0, Culture=neutral, PublicKeyToken=b03f5f7f11d50a3a" codeBase="C:\Program Files\dotnet\sdk\7.0.304\vstest.console.dll" enabled="True" />
    </Loggers>
  </LoggerRunSettings>
  <DataCollectionRunSettings>
    <DataCollectors>
      <DataCollector friendlyName="blame" enabled="True">
        <Configuration>
          <ResultsDirectory>E:\API-project\AzurePipelineTest\bin\Debug\net6.0\fine-code-coverage\coverage-tool-output</ResultsDirectory>
        </Configuration>
      </DataCollector>
    </DataCollectors>
  </DataCollectionRunSettings>
</RunSettings>

TpTrace Verbose: 0 : 8284, 1, 2023/10/20, 22:04:08.884, 147663093485, vstest.console.dll, TestRunRequest.ExecuteAsync: Wait for the first run request is over.
TpTrace Verbose: 0 : 8284, 1, 2023/10/20, 22:04:08.885, 147663096494, vstest.console.dll, MulticastDelegateUtilities.SafeInvoke: TestRun.TestRunStart: Invoking callbacks was skipped because there are no subscribers.
TpTrace Verbose: 0 : 8284, 4, 2023/10/20, 22:04:08.885, 147663098517, vstest.console.dll, MulticastDelegateUtilities.SafeInvoke: InternalTestLoggerEvents.SendTestRunStart: Invoking callback 1/1 for Microsoft.VisualStudio.TestPlatform.CommandLine.Internal.ConsoleLogger., took 0 ms.
TpTrace Verbose: 0 : 8284, 1, 2023/10/20, 22:04:08.886, 147663108300, vstest.console.dll, ParallelProxyExecutionManager: Start execution. Total sources: 1
TpTrace Verbose: 0 : 8284, 1, 2023/10/20, 22:04:08.888, 147663129622, vstest.console.dll, TestRequestSender is acting as server.
TpTrace Verbose: 0 : 8284, 1, 2023/10/20, 22:04:08.891, 147663154860, vstest.console.dll, ParallelOperationManager.RunWorkInParallel: Started work on a host.
TpTrace Verbose: 0 : 8284, 1, 2023/10/20, 22:04:08.892, 147663166975, vstest.console.dll, ProxyParallelExecutionManager: No sources available for execution.
TpTrace Information: 0 : 8284, 1, 2023/10/20, 22:04:08.892, 147663168001, vstest.console.dll, TestRunRequest.ExecuteAsync: Started.
TpTrace Verbose: 0 : 8284, 1, 2023/10/20, 22:04:08.892, 147663168986, vstest.console.dll, TestRunRequest.WaitForCompletion: Waiting with timeout -1.
TpTrace Verbose: 0 : 8284, 5, 2023/10/20, 22:04:08.892, 147663170106, vstest.console.dll, DataCollectionRequestSender.InitializeCommunication : Initialize communication. 
TpTrace Information: 0 : 8284, 5, 2023/10/20, 22:04:08.902, 147663273575, vstest.console.dll, Listening on Endpoint : 127.0.0.1:2136
TpTrace Verbose: 0 : 8284, 5, 2023/10/20, 22:04:08.932, 147663572066, vstest.console.dll, DotnetDataCollectionLauncher: Adding  --runtimeconfig "C:\Program Files\dotnet\sdk\7.0.304\datacollector.runtimeconfig.json" in args
TpTrace Verbose: 0 : 8284, 5, 2023/10/20, 22:04:08.932, 147663573693, vstest.console.dll, DotnetDataCollectionLauncher: Adding  --depsfile "C:\Program Files\dotnet\sdk\7.0.304\datacollector.deps.json" in args
TpTrace Verbose: 0 : 8284, 5, 2023/10/20, 22:04:08.933, 147663575399, vstest.console.dll, DotnetDataCollectionLauncher: Full path of dotnet.exe is C:\Program Files\dotnet\dotnet.exe
TpTrace Information: 0 : 8284, 5, 2023/10/20, 22:04:08.965, 147663903067, vstest.console.dll, ProxyDataCollectionManager.Initialize: Launched datacollector processId: 14620 port: 2136
TpTrace Information: 0 : 8284, 5, 2023/10/20, 22:04:08.966, 147663906888, vstest.console.dll, ProxyDataCollectionManager.Initialize: waiting for connection with timeout: 90 seconds
TpTrace Verbose: 0 : 8284, 5, 2023/10/20, 22:04:08.966, 147663907568, vstest.console.dll, DataCollectionRequestSender.WaitForRequestHandlerConnection : Waiting for connection with timeout: 90000
TpTrace Verbose: 0 : 8284, 5, 2023/10/20, 22:04:09.227, 147666520221, vstest.console.dll, SocketCommunicationManager.WaitForClientConnection took: 261 ms, with 90000 ms timeout, and finished with True.
TpTrace Verbose: 0 : 8284, 5, 2023/10/20, 22:04:09.227, 147666522491, vstest.console.dll, ProxyDataCollectionManager.InvokeDataCollectionServiceAction: Starting.
TpTrace Information: 0 : 8284, 5, 2023/10/20, 22:04:09.228, 147666526224, vstest.console.dll, ProxyDataCollectionManager.BeforeTestRunStart: Get environment variable and port for datacollector processId: 14620 port: 2136
TpTrace Verbose: 0 : 8284, 5, 2023/10/20, 22:04:09.228, 147666528155, vstest.console.dll, DataCollectionRequestSender.SendBeforeTestRunStartAndGetResult: Send BeforeTestRunStart message with settingsXml <RunSettings><RunConfiguration><ResultsDirectory>E:\API-project\AzurePipelineTest\bin\Debug\net6.0\fine-code-coverage\coverage-tool-output</ResultsDirectory><TargetPlatform>X64</TargetPlatform><TargetFrameworkVersion>.NETCoreApp,Version=v6.0</TargetFrameworkVersion><DesignMode>False</DesignMode><CollectSourceInformation>False</CollectSourceInformation><TestAdaptersPaths>C:\Program Files\dotnet\sdk\7.0.304\Extensions</TestAdaptersPaths></RunConfiguration><LoggerRunSettings><Loggers><Logger friendlyName="blame" enabled="True" /><Logger friendlyName="Console" uri="logger://microsoft/TestPlatform/ConsoleLogger/v1" assemblyQualifiedName="Microsoft.VisualStudio.TestPlatform.CommandLine.Internal.ConsoleLogger, vstest.console, Version=15.0.0.0, Culture=neutral, PublicKeyToken=b03f5f7f11d50a3a" codeBase="C:\Program Files\dotnet\sdk\7.0.304\vstest.console.dll" enabled="True" /></Loggers></LoggerRunSettings><DataCollectionRunSettings><DataCollectors><DataCollector friendlyName="blame" enabled="True"><Configuration><ResultsDirectory>E:\API-project\AzurePipelineTest\bin\Debug\net6.0\fine-code-coverage\coverage-tool-output</ResultsDirectory></Configuration></DataCollector></DataCollectors></DataCollectionRunSettings></RunSettings> and sources System.Collections.Generic.List`1[System.String]: 
TpTrace Information: 0 : 8284, 7, 2023/10/20, 22:04:09.227, 147666519506, vstest.console.dll, Using the buffer size of 16384 bytes
TpTrace Information: 0 : 8284, 7, 2023/10/20, 22:04:09.233, 147666575380, vstest.console.dll, Accepted Client request and set the flag
TpTrace Verbose: 0 : 8284, 5, 2023/10/20, 22:04:09.302, 147667272298, vstest.console.dll, DataCollectionRequestSender.SendBeforeTestRunStartAndGetResult: Received message: (DataCollection.SendMessage) -> {"MessageType":"DataCollection.SendMessage","Payload":{"FriendlyName":null,"Uri":null,"TestCaseId":"00000000-0000-0000-0000-000000000000","Message":"Logging DataCollector Diagnostics in file: E:\\API-project\\AzurePipelineTest\\bin\\Debug\\net6.0\\fine-code-coverage\\coverage-tool-output\\diagnostics.datacollector.23-10-20_22-04-08_93248_5.log","Level":0}}
TpTrace Verbose: 0 : 8284, 5, 2023/10/20, 22:04:09.398, 147668229024, vstest.console.dll, DataCollectionRequestSender.SendBeforeTestRunStartAndGetResult: Received message: (DataCollection.BeforeTestRunStartResult) -> {"MessageType":"DataCollection.BeforeTestRunStartResult","Payload":{"EnvironmentVariables":{},"DataCollectionEventsPort":2138}}
TpTrace Information: 0 : 8284, 5, 2023/10/20, 22:04:09.404, 147668289427, vstest.console.dll, ProxyDataCollectionManager.BeforeTestRunStart: SendBeforeTestRunStartAndGetResult successful, env variable from datacollector:   and testhost port: 2138
TpTrace Information: 0 : 8284, 5, 2023/10/20, 22:04:09.404, 147668291195, vstest.console.dll, ProxyDataCollectionManager.InvokeDataCollectionServiceAction: Completed.
TpTrace Verbose: 0 : 8284, 5, 2023/10/20, 22:04:09.404, 147668292376, vstest.console.dll, ProxyExecutionManager: Test host is always Lazy initialize.
TpTrace Verbose: 0 : 8284, 5, 2023/10/20, 22:04:09.405, 147668295829, vstest.console.dll, TestRequestSender.InitializeCommunication: initialize communication. 
TpTrace Information: 0 : 8284, 5, 2023/10/20, 22:04:09.406, 147668311830, vstest.console.dll, SocketServer.Start: Listening on endpoint : 127.0.0.1:2139
TpTrace Verbose: 0 : 8284, 5, 2023/10/20, 22:04:09.408, 147668324737, vstest.console.dll, DotnetTestHostmanager.GetTestHostProcessStartInfo: Platform environment 'X64' target architecture 'X64' framework '.NETCoreApp,Version=v6.0' OS 'Windows'
TpTrace Verbose: 0 : 8284, 5, 2023/10/20, 22:04:09.408, 147668328116, vstest.console.dll, DotnetTestHostmanager: Adding  --runtimeconfig "E:\API-project\AzurePipelineTest\bin\Debug\net6.0\fine-code-coverage\build-output\AzurePipelineTest.runtimeconfig.json" in args
TpTrace Verbose: 0 : 8284, 5, 2023/10/20, 22:04:09.408, 147668328782, vstest.console.dll, DotnetTestHostmanager: Adding  --depsfile "E:\API-project\AzurePipelineTest\bin\Debug\net6.0\fine-code-coverage\build-output\AzurePipelineTest.deps.json" in args
TpTrace Verbose: 0 : 8284, 5, 2023/10/20, 22:04:09.408, 147668332845, vstest.console.dll, DotnetTestHostmanager.IsWinOnArm: Current PROCESSOR_ARCHITECTURE from environment variable 'AMD64'
TpTrace Verbose: 0 : 8284, 5, 2023/10/20, 22:04:09.408, 147668333476, vstest.console.dll, DotnetTestHostmanager.IsWinOnArm: Is Windows on ARM 'False'
TpTrace Verbose: 0 : 8284, 5, 2023/10/20, 22:04:09.408, 147668333976, vstest.console.dll, DotnetTestHostManager: testhost.exe found at path: E:\API-project\AzurePipelineTest\bin\Debug\net6.0\fine-code-coverage\build-output\testhost.exe
TpTrace Verbose: 0 : 8284, 5, 2023/10/20, 22:04:09.408, 147668334386, vstest.console.dll, DotnetTestHostmanager: Full path of host exe is E:\API-project\AzurePipelineTest\bin\Debug\net6.0\fine-code-coverage\build-output\testhost.exe
TpTrace Verbose: 0 : 8284, 5, 2023/10/20, 22:04:09.409, 147668335495, vstest.console.dll, DotnetTestHostmanager.LaunchTestHostAsync: Found 'VSTEST_WINAPPHOST_DOTNET_ROOT' in env variables, value 'C:\Program Files\dotnet', forwarding to 'DOTNET_ROOT'
TpTrace Verbose: 0 : 8284, 5, 2023/10/20, 22:04:09.409, 147668337068, vstest.console.dll, DotnetTestHostManager: Starting process 'E:\API-project\AzurePipelineTest\bin\Debug\net6.0\fine-code-coverage\build-output\testhost.exe' with command line ' --runtimeconfig "E:\API-project\AzurePipelineTest\bin\Debug\net6.0\fine-code-coverage\build-output\AzurePipelineTest.runtimeconfig.json" --depsfile "E:\API-project\AzurePipelineTest\bin\Debug\net6.0\fine-code-coverage\build-output\AzurePipelineTest.deps.json" --port 2139 --endpoint 127.0.0.1:02139 --role client --parentprocessid 8284 --diag "E:\API-project\AzurePipelineTest\bin\Debug\net6.0\fine-code-coverage\coverage-tool-output\diagnostics.host.23-10-20_22-04-09_40749_5.log" --tracelevel 4 --datacollectionport 2138 --telemetryoptedin false'
TpTrace Verbose: 0 : 8284, 5, 2023/10/20, 22:04:09.607, 147670316563, vstest.console.dll, MulticastDelegateUtilities.SafeInvoke: HostProviderEvents.OnHostLaunched: Invoking callback 1/2 for Microsoft.VisualStudio.TestPlatform.CrossPlatEngine.Client.ProxyExecutionManagerWithDataCollection., took 3 ms.
TpTrace Verbose: 0 : 8284, 5, 2023/10/20, 22:04:09.607, 147670324622, vstest.console.dll, Test Runtime launched
TpTrace Verbose: 0 : 8284, 5, 2023/10/20, 22:04:09.608, 147670325697, vstest.console.dll, MulticastDelegateUtilities.SafeInvoke: HostProviderEvents.OnHostLaunched: Invoking callback 2/2 for Microsoft.VisualStudio.TestPlatform.CrossPlatEngine.Client.ProxyOperationManager., took 0 ms.
TpTrace Verbose: 0 : 8284, 5, 2023/10/20, 22:04:09.608, 147670327368, vstest.console.dll, TestRequestSender.WaitForRequestHandlerConnection: waiting for connection with timeout: 90000.
TpTrace Verbose: 0 : 8284, 5, 2023/10/20, 22:04:10.437, 147678617003, vstest.console.dll, TestRequestSender.WaitForRequestHandlerConnection: waiting took 828 ms, with timeout 90000 ms, and result 0, which is success.
TpTrace Verbose: 0 : 8284, 11, 2023/10/20, 22:04:10.437, 147678617003, vstest.console.dll, MulticastDelegateUtilities.SafeInvoke: SocketServer: ClientConnected: Invoking callback 1/1 for Microsoft.VisualStudio.TestPlatform.CommunicationUtilities.TestRequestSender., took 0 ms.
TpTrace Verbose: 0 : 8284, 11, 2023/10/20, 22:04:10.437, 147678618880, vstest.console.dll, SocketServer.OnClientConnected: Client connected for endPoint: 127.0.0.1:2139, starting MessageLoopAsync:
TpTrace Verbose: 0 : 8284, 11, 2023/10/20, 22:04:10.437, 147678621228, vstest.console.dll, TcpClientExtensions.MessageLoopAsync: Polling on remoteEndPoint: 127.0.0.1:2140 localEndPoint: 127.0.0.1:2139
TpTrace Verbose: 0 : 8284, 5, 2023/10/20, 22:04:10.438, 147678631821, vstest.console.dll, TestRequestSender.CheckVersionWithTestHost: Sending check version message: {"MessageType":"ProtocolVersion","Payload":7}
TpTrace Verbose: 0 : 8284, 11, 2023/10/20, 22:04:10.684, 147681089731, vstest.console.dll, TcpClientExtensions.MessageLoopAsync: NotifyDataAvailable remoteEndPoint: 127.0.0.1:2140 localEndPoint: 127.0.0.1:2139
TpTrace Verbose: 0 : 8284, 11, 2023/10/20, 22:04:10.684, 147681093387, vstest.console.dll, TestRequestSender.CheckVersionWithTestHost: onMessageReceived received message: (ProtocolVersion) -> {"MessageType":"ProtocolVersion","Payload":7}
TpTrace Verbose: 0 : 8284, 11, 2023/10/20, 22:04:10.686, 147681108541, vstest.console.dll, MulticastDelegateUtilities.SafeInvoke: LengthPrefixCommunicationChannel: MessageReceived: Invoking callback 1/1 for Microsoft.VisualStudio.TestPlatform.CommunicationUtilities.TestRequestSender+<>c__DisplayClass29_0., took 1 ms.
TpTrace Verbose: 0 : 8284, 11, 2023/10/20, 22:04:10.686, 147681109985, vstest.console.dll, TcpClientExtensions.MessageLoopAsync: Polling on remoteEndPoint: 127.0.0.1:2140 localEndPoint: 127.0.0.1:2139
TpTrace Verbose: 0 : 8284, 5, 2023/10/20, 22:04:10.686, 147681112558, vstest.console.dll, TestPluginCache.GetExtensionPaths: Filtered extension paths: 
TpTrace Verbose: 0 : 8284, 5, 2023/10/20, 22:04:10.686, 147681113144, vstest.console.dll, TestPluginCache.GetExtensionPaths: Added default extension paths: C:\Program Files\dotnet\sdk\7.0.304\Extensions\Microsoft.Diagnostics.NETCore.Client.dll
C:\Program Files\dotnet\sdk\7.0.304\Extensions\Microsoft.TestPlatform.Extensions.BlameDataCollector.dll
C:\Program Files\dotnet\sdk\7.0.304\Extensions\Microsoft.TestPlatform.Extensions.EventLogCollector.dll
C:\Program Files\dotnet\sdk\7.0.304\Extensions\Microsoft.TestPlatform.TestHostRuntimeProvider.dll
C:\Program Files\dotnet\sdk\7.0.304\Extensions\Microsoft.VisualStudio.TestPlatform.Extensions.Html.TestLogger.dll
C:\Program Files\dotnet\sdk\7.0.304\Extensions\Microsoft.VisualStudio.TestPlatform.Extensions.Trx.TestLogger.dll
TpTrace Verbose: 0 : 8284, 5, 2023/10/20, 22:04:10.686, 147681113430, vstest.console.dll, TestPluginCache.GetExtensionPaths: Added unfilterableExtensionPaths: 
TpTrace Verbose: 0 : 8284, 5, 2023/10/20, 22:04:10.690, 147681148988, vstest.console.dll, TestRequestSender.InitializeExecution: Sending initialize execution with message: {"Version":7,"MessageType":"TestExecution.Initialize","Payload":["E:\\API-project\\AzurePipelineTest\\bin\\Debug\\net6.0\\fine-code-coverage\\build-output\\Microsoft.VisualStudio.TestPlatform.MSTest.TestAdapter.dll"]}
TpTrace Verbose: 0 : 8284, 5, 2023/10/20, 22:04:10.690, 147681151627, vstest.console.dll, ParallelProxyExecutionManager: Execution started. Started clients: 1
TpTrace Verbose: 0 : 8284, 5, 2023/10/20, 22:04:10.691, 147681157291, vstest.console.dll, TestRunRequest:SendTestRunMessage: Starting.
TpTrace Verbose: 0 : 8284, 5, 2023/10/20, 22:04:10.691, 147681159534, vstest.console.dll, MulticastDelegateUtilities.SafeInvoke: TestRun.LogMessages: Invoking callback 1/1 for Microsoft.VisualStudio.TestPlatform.CommandLine.TestRunResultAggregator., took 0 ms.
TpTrace Information: 0 : 8284, 5, 2023/10/20, 22:04:10.691, 147681159972, vstest.console.dll, TestRunRequest:SendTestRunMessage: Completed.
TpTrace Verbose: 0 : 8284, 4, 2023/10/20, 22:04:10.691, 147681162676, vstest.console.dll, MulticastDelegateUtilities.SafeInvoke: InternalTestLoggerEvents.SendTestRunMessage: Invoking callback 1/1 for Microsoft.VisualStudio.TestPlatform.CommandLine.Internal.ConsoleLogger., took 0 ms.
TpTrace Warning: 0 : 8284, 5, 2023/10/20, 22:04:10.692, 147681166241, vstest.console.dll, InferRunSettingsHelper.MakeRunsettingsCompatible: Removing the following settings: TargetPlatform from RunSettings file. To use those settings please move to latest version of Microsoft.NET.Test.Sdk
TpTrace Verbose: 0 : 8284, 11, 2023/10/20, 22:04:10.692, 147681169386, vstest.console.dll, TcpClientExtensions.MessageLoopAsync: NotifyDataAvailable remoteEndPoint: 127.0.0.1:2140 localEndPoint: 127.0.0.1:2139
TpTrace Verbose: 0 : 8284, 11, 2023/10/20, 22:04:10.692, 147681172998, vstest.console.dll, TestRequestSender.OnExecutionMessageReceived: Received message: {"Version":7,"MessageType":"TestSession.Message","Payload":{"MessageLevel":0,"Message":"Logging TestHost Diagnostics in file: E:\\API-project\\AzurePipelineTest\\bin\\Debug\\net6.0\\fine-code-coverage\\coverage-tool-output\\diagnostics.host.23-10-20_22-04-09_40749_5.log"}}
TpTrace Verbose: 0 : 8284, 11, 2023/10/20, 22:04:10.695, 147681199422, vstest.console.dll, TestRunRequest:SendTestRunMessage: Starting.
TpTrace Verbose: 0 : 8284, 11, 2023/10/20, 22:04:10.695, 147681201321, vstest.console.dll, MulticastDelegateUtilities.SafeInvoke: TestRun.LogMessages: Invoking callback 1/1 for Microsoft.VisualStudio.TestPlatform.CommandLine.TestRunResultAggregator., took 0 ms.
TpTrace Verbose: 0 : 8284, 4, 2023/10/20, 22:04:10.695, 147681201492, vstest.console.dll, MulticastDelegateUtilities.SafeInvoke: InternalTestLoggerEvents.SendTestRunMessage: Invoking callback 1/1 for Microsoft.VisualStudio.TestPlatform.CommandLine.Internal.ConsoleLogger., took 0 ms.
TpTrace Information: 0 : 8284, 11, 2023/10/20, 22:04:10.695, 147681201663, vstest.console.dll, TestRunRequest:SendTestRunMessage: Completed.
TpTrace Verbose: 0 : 8284, 11, 2023/10/20, 22:04:10.695, 147681202633, vstest.console.dll, MulticastDelegateUtilities.SafeInvoke: LengthPrefixCommunicationChannel: MessageReceived: Invoking callback 1/1 for Microsoft.VisualStudio.TestPlatform.CommunicationUtilities.TestRequestSender+<>c__DisplayClass34_0., took 3 ms.
TpTrace Verbose: 0 : 8284, 11, 2023/10/20, 22:04:10.695, 147681202907, vstest.console.dll, TcpClientExtensions.MessageLoopAsync: Polling on remoteEndPoint: 127.0.0.1:2140 localEndPoint: 127.0.0.1:2139
TpTrace Verbose: 0 : 8284, 5, 2023/10/20, 22:04:10.700, 147681251363, vstest.console.dll, TestRequestSender.StartTestRun: Sending test run with message: {"Version":7,"MessageType":"TestExecution.StartWithSources","Payload":{"AdapterSourceMap":{"_none_":["E:\\API-project\\AzurePipelineTest\\bin\\Debug\\net6.0\\fine-code-coverage\\build-output\\AzurePipelineTest.dll"]},"RunSettings":"<RunSettings>\r\n  <RunConfiguration>\r\n    <ResultsDirectory>E:\\API-project\\AzurePipelineTest\\bin\\Debug\\net6.0\\fine-code-coverage\\coverage-tool-output</ResultsDirectory>\r\n    <TargetFrameworkVersion>.NETCoreApp,Version=v6.0</TargetFrameworkVersion>\r\n    <DesignMode>False</DesignMode>\r\n    <CollectSourceInformation>False</CollectSourceInformation>\r\n  </RunConfiguration>\r\n  <LoggerRunSettings>\r\n    <Loggers>\r\n      <Logger friendlyName=\"blame\" enabled=\"True\" />\r\n      <Logger friendlyName=\"Console\" uri=\"logger://microsoft/TestPlatform/ConsoleLogger/v1\" assemblyQualifiedName=\"Microsoft.VisualStudio.TestPlatform.CommandLine.Internal.ConsoleLogger, vstest.console, Version=15.0.0.0, Culture=neutral, PublicKeyToken=b03f5f7f11d50a3a\" codeBase=\"C:\\Program Files\\dotnet\\sdk\\7.0.304\\vstest.console.dll\" enabled=\"True\" />\r\n    </Loggers>\r\n  </LoggerRunSettings>\r\n  <DataCollectionRunSettings>\r\n    <DataCollectors>\r\n      <DataCollector friendlyName=\"blame\" enabled=\"True\">\r\n        <Configuration>\r\n          <ResultsDirectory>E:\\API-project\\AzurePipelineTest\\bin\\Debug\\net6.0\\fine-code-coverage\\coverage-tool-output</ResultsDirectory>\r\n        </Configuration>\r\n      </DataCollector>\r\n    </DataCollectors>\r\n  </DataCollectionRunSettings>\r\n</RunSettings>","TestExecutionContext":{"FrequencyOfRunStatsChangeEvent":10,"RunStatsChangeEventTimeout":"00:00:01.5000000","InIsolation":false,"KeepAlive":false,"AreTestCaseLevelEventsRequired":false,"IsDebug":false,"TestCaseFilter":null,"FilterOptions":null},"Package":null}}
TpTrace Verbose: 0 : 8284, 11, 2023/10/20, 22:04:11.697, 147691217006, vstest.console.dll, TcpClientExtensions.MessageLoopAsync: Polling on remoteEndPoint: 127.0.0.1:2140 localEndPoint: 127.0.0.1:2139
TpTrace Verbose: 0 : 8284, 11, 2023/10/20, 22:04:12.497, 147699221629, vstest.console.dll, TcpClientExtensions.MessageLoopAsync: NotifyDataAvailable remoteEndPoint: 127.0.0.1:2140 localEndPoint: 127.0.0.1:2139
TpTrace Verbose: 0 : 8284, 11, 2023/10/20, 22:04:12.498, 147699226417, vstest.console.dll, TestRequestSender.OnExecutionMessageReceived: Received message: {"Version":7,"MessageType":"TestExecution.StatsChange","Payload":{"NewTestResults":[],"TestRunStatistics":{"ExecutedTests":0,"Stats":{}},"ActiveTests":[{"Id":"8c7628a6-3066-5132-96c9-df2b87a3f0c6","FullyQualifiedName":"AzurePipelineTest.WeatherForecastControllerTests.Get_ReturnsCorrectNumberOfForecasts","DisplayName":"Get_ReturnsCorrectNumberOfForecasts","ExecutorUri":"executor://MSTestAdapter/v2","Source":"E:\\API-project\\AzurePipelineTest\\bin\\Debug\\net6.0\\fine-code-coverage\\build-output\\AzurePipelineTest.dll","CodeFilePath":null,"LineNumber":-1,"Properties":[{"Key":{"Id":"TestCase.ManagedType","Label":"ManagedType","Category":"","Description":"","Attributes":1,"ValueType":"System.String"},"Value":"AzurePipelineTest.WeatherForecastControllerTests"},{"Key":{"Id":"TestCase.ManagedMethod","Label":"ManagedMethod","Category":"","Description":"","Attributes":1,"ValueType":"System.String"},"Value":"Get_ReturnsCorrectNumberOfForecasts"},{"Key":{"Id":"MSTestDiscoverer.TestClassName","Label":"ClassName","Category":"","Description":"","Attributes":1,"ValueType":"System.String"},"Value":"AzurePipelineTest.WeatherForecastControllerTests"},{"Key":{"Id":"TestCase.Hierarchy","Label":"Hierarchy","Category":"","Description":"","Attributes":2,"ValueType":"System.String[]"},"Value":["AzurePipelineTest","WeatherForecastControllerTests"]},{"Key":{"Id":"TestObject.Traits","Label":"Traits","Category":"","Description":"","Attributes":5,"ValueType":"System.Collections.Generic.KeyValuePair`2[[System.String],[System.String]][]"},"Value":[]}]}]}}
TpTrace Verbose: 0 : 8284, 11, 2023/10/20, 22:04:12.532, 147699571804, vstest.console.dll, TestRunRequest:SendTestRunStatsChange: Starting.
TpTrace Verbose: 0 : 8284, 11, 2023/10/20, 22:04:12.532, 147699573918, vstest.console.dll, InProgress is Get_ReturnsCorrectNumberOfForecasts
TpTrace Verbose: 0 : 8284, 11, 2023/10/20, 22:04:12.533, 147699574838, vstest.console.dll, MulticastDelegateUtilities.SafeInvoke: TestRun.RunStatsChanged: Invoking callbacks was skipped because there are no subscribers.
TpTrace Information: 0 : 8284, 11, 2023/10/20, 22:04:12.533, 147699575068, vstest.console.dll, TestRunRequest:SendTestRunStatsChange: Completed.
TpTrace Verbose: 0 : 8284, 11, 2023/10/20, 22:04:12.533, 147699575389, vstest.console.dll, MulticastDelegateUtilities.SafeInvoke: LengthPrefixCommunicationChannel: MessageReceived: Invoking callback 1/1 for Microsoft.VisualStudio.TestPlatform.CommunicationUtilities.TestRequestSender+<>c__DisplayClass34_0., took 34 ms.
TpTrace Verbose: 0 : 8284, 11, 2023/10/20, 22:04:12.533, 147699575698, vstest.console.dll, TcpClientExtensions.MessageLoopAsync: Polling on remoteEndPoint: 127.0.0.1:2140 localEndPoint: 127.0.0.1:2139
TpTrace Verbose: 0 : 8284, 11, 2023/10/20, 22:04:13.031, 147704561544, vstest.console.dll, TcpClientExtensions.MessageLoopAsync: NotifyDataAvailable remoteEndPoint: 127.0.0.1:2140 localEndPoint: 127.0.0.1:2139
TpTrace Verbose: 0 : 8284, 11, 2023/10/20, 22:04:13.031, 147704564457, vstest.console.dll, TestRequestSender.OnExecutionMessageReceived: Received message: {"Version":7,"MessageType":"TestExecution.Completed","Payload":{"TestRunCompleteArgs":{"TestRunStatistics":{"ExecutedTests":1,"Stats":{"Passed":1}},"IsCanceled":false,"IsAborted":false,"Error":null,"AttachmentSets":[],"InvokedDataCollectors":[],"ElapsedTimeInRunningTests":"00:00:01.9466551","Metrics":{},"DiscoveredExtensions":{"TestDiscoverers":["Microsoft.VisualStudio.TestPlatform.MSTest.TestAdapter.MSTestDiscoverer, Microsoft.VisualStudio.TestPlatform.MSTest.TestAdapter, Version=14.0.0.0, Culture=neutral, PublicKeyToken=b03f5f7f11d50a3a"],"TestExecutors":["executor://MSTestAdapter/v2"],"TestExecutors2":[],"TestSettingsProviders":[]}},"LastRunTests":{"NewTestResults":[{"TestCase":{"Id":"8c7628a6-3066-5132-96c9-df2b87a3f0c6","FullyQualifiedName":"AzurePipelineTest.WeatherForecastControllerTests.Get_ReturnsCorrectNumberOfForecasts","DisplayName":"Get_ReturnsCorrectNumberOfForecasts","ExecutorUri":"executor://MSTestAdapter/v2","Source":"E:\\API-project\\AzurePipelineTest\\bin\\Debug\\net6.0\\fine-code-coverage\\build-output\\AzurePipelineTest.dll","CodeFilePath":null,"LineNumber":-1,"Properties":[{"Key":{"Id":"TestCase.ManagedType","Label":"ManagedType","Category":"","Description":"","Attributes":1,"ValueType":"System.String"},"Value":"AzurePipelineTest.WeatherForecastControllerTests"},{"Key":{"Id":"TestCase.ManagedMethod","Label":"ManagedMethod","Category":"","Description":"","Attributes":1,"ValueType":"System.String"},"Value":"Get_ReturnsCorrectNumberOfForecasts"},{"Key":{"Id":"MSTestDiscoverer.TestClassName","Label":"ClassName","Category":"","Description":"","Attributes":1,"ValueType":"System.String"},"Value":"AzurePipelineTest.WeatherForecastControllerTests"},{"Key":{"Id":"TestCase.Hierarchy","Label":"Hierarchy","Category":"","Description":"","Attributes":2,"ValueType":"System.String[]"},"Value":["AzurePipelineTest","WeatherForecastControllerTests"]},{"Key":{"Id":"TestObject.Traits","Label":"Traits","Category":"","Description":"","Attributes":5,"ValueType":"System.Collections.Generic.KeyValuePair`2[[System.String],[System.String]][]"},"Value":[]}]},"Attachments":[],"Outcome":1,"ErrorMessage":null,"ErrorStackTrace":null,"DisplayName":"Get_ReturnsCorrectNumberOfForecasts","Messages":[],"ComputerName":null,"Duration":"00:00:00.8060481","StartTime":"2023-10-20T22:04:12.1440855+05:30","EndTime":"2023-10-20T22:04:12.9696478+05:30","Properties":[{"Key":{"Id":"ExecutionId","Label":"ExecutionId","Category":"","Description":"","Attributes":1,"ValueType":"System.Guid"},"Value":"00000000-0000-0000-0000-000000000000"},{"Key":{"Id":"ParentExecId","Label":"ParentExecId","Category":"","Description":"","Attributes":1,"ValueType":"System.Guid"},"Value":"00000000-0000-0000-0000-000000000000"},{"Key":{"Id":"InnerResultsCount","Label":"InnerResultsCount","Category":"","Description":"","Attributes":1,"ValueType":"System.Int32"},"Value":0}]}],"TestRunStatistics":{"ExecutedTests":1,"Stats":{"Passed":1}},"ActiveTests":[]},"RunAttachments":[],"ExecutorUris":["executor://mstestadapter/v2"]}}
TpTrace Verbose: 0 : 8284, 11, 2023/10/20, 22:04:13.032, 147704565686, vstest.console.dll, TestRequestSender.EndSession: Sending end session.
TpTrace Verbose: 0 : 8284, 11, 2023/10/20, 22:04:13.032, 147704568137, vstest.console.dll, ProxyOperationManager.Close: waiting for test host to exit for 100 ms
TpTrace Warning: 0 : 8284, 11, 2023/10/20, 22:04:13.143, 147705683421, vstest.console.dll, ProxyOperationManager: Timed out waiting for test host to exit. Will terminate process.
TpTrace Information: 0 : 8284, 11, 2023/10/20, 22:04:13.146, 147705714118, vstest.console.dll, SocketServer.Stop: Stop server endPoint: 127.0.0.1:2139
TpTrace Information: 0 : 8284, 11, 2023/10/20, 22:04:13.147, 147705715014, vstest.console.dll, SocketServer.Stop: Cancellation requested. Stopping message loop.
TpTrace Information: 0 : 8284, 11, 2023/10/20, 22:04:13.147, 147705716935, vstest.console.dll, Closing the connection
TpTrace Verbose: 0 : 8284, 11, 2023/10/20, 22:04:13.658, 147710827560, vstest.console.dll, TestHostProvider.ExitCallBack: Host exited starting callback.
TpTrace Information: 0 : 8284, 11, 2023/10/20, 22:04:13.658, 147710830597, vstest.console.dll, TestHostManagerCallbacks.ExitCallBack: Testhost processId: 19748 exited with exitcode: 0 error: ''
TpTrace Verbose: 0 : 8284, 11, 2023/10/20, 22:04:13.658, 147710831562, vstest.console.dll, DotnetTestHostManager.OnHostExited: invoking OnHostExited callback
TpTrace Verbose: 0 : 8284, 11, 2023/10/20, 22:04:13.658, 147710832711, vstest.console.dll, CrossPlatEngine.TestHostManagerHostExited: calling on client process exit callback.
TpTrace Information: 0 : 8284, 11, 2023/10/20, 22:04:13.658, 147710833845, vstest.console.dll, TestRequestSender.OnClientProcessExit: Test host process exited. Standard error: 
TpTrace Information: 0 : 8284, 11, 2023/10/20, 22:04:13.659, 147710835510, vstest.console.dll, SocketServer.Stop: Stop server endPoint: 127.0.0.1:2139
TpTrace Information: 0 : 8284, 11, 2023/10/20, 22:04:13.659, 147710836133, vstest.console.dll, SocketServer.Stop: Cancellation requested. Stopping message loop.
TpTrace Verbose: 0 : 8284, 11, 2023/10/20, 22:04:13.659, 147710836986, vstest.console.dll, MulticastDelegateUtilities.SafeInvoke: HostProviderEvents.OnHostExited: Invoking callback 1/1 for Microsoft.VisualStudio.TestPlatform.CrossPlatEngine.Client.ProxyOperationManager., took 0 ms.
TpTrace Verbose: 0 : 8284, 11, 2023/10/20, 22:04:13.660, 147710845599, vstest.console.dll, ProxyDataCollectionManager.InvokeDataCollectionServiceAction: Starting.
TpTrace Information: 0 : 8284, 11, 2023/10/20, 22:04:13.660, 147710850804, vstest.console.dll, ProxyDataCollectionManager.AfterTestRunEnd: Get attachment set and invoked data collectors processId: 14620 port: 2136
TpTrace Verbose: 0 : 8284, 11, 2023/10/20, 22:04:13.660, 147710852585, vstest.console.dll, DataCollectionRequestSender.SendAfterTestRunStartAndGetResult: Send AfterTestRunEnd message with isCancelled: False
TpTrace Verbose: 0 : 8284, 11, 2023/10/20, 22:04:13.675, 147711004157, vstest.console.dll, DataCollectionRequestSender.SendAfterTestRunStartAndGetResult: Received message: (DataCollection.AfterTestRunEndResult) -> {"MessageType":"DataCollection.AfterTestRunEndResult","Payload":{"AttachmentSets":[],"InvokedDataCollectors":[{"Uri":"datacollector://Microsoft/TestPlatform/Extensions/Blame/v1","FriendlyName":"Blame","AssemblyQualifiedName":"Microsoft.TestPlatform.Extensions.BlameDataCollector.BlameCollector, Microsoft.TestPlatform.Extensions.BlameDataCollector, Version=15.0.0.0, Culture=neutral, PublicKeyToken=b03f5f7f11d50a3a","FilePath":"C:\\Program Files\\dotnet\\sdk\\7.0.304\\Extensions\\Microsoft.TestPlatform.Extensions.BlameDataCollector.dll","HasAttachmentProcessor":false}],"Metrics":{}}}
TpTrace Information: 0 : 8284, 11, 2023/10/20, 22:04:13.683, 147711079233, vstest.console.dll, ProxyDataCollectionManager.InvokeDataCollectionServiceAction: Completed.
TpTrace Verbose: 0 : 8284, 11, 2023/10/20, 22:04:13.756, 147711807837, vstest.console.dll, TestRunRequest:SendTestRunStatsChange: Starting.
TpTrace Verbose: 0 : 8284, 11, 2023/10/20, 22:04:13.756, 147711812947, vstest.console.dll, MulticastDelegateUtilities.SafeInvoke: TestRun.RunStatsChanged: Invoking callbacks was skipped because there are no subscribers.
TpTrace Information: 0 : 8284, 11, 2023/10/20, 22:04:13.756, 147711813794, vstest.console.dll, TestRunRequest:SendTestRunStatsChange: Completed.
TpTrace Verbose: 0 : 8284, 11, 2023/10/20, 22:04:13.757, 147711819020, vstest.console.dll, ParallelProxyExecutionManager: HandlePartialRunComplete: Total completed clients = 1, Run complete = True, Run canceled: False.
TpTrace Verbose: 0 : 8284, 4, 2023/10/20, 22:04:13.759, 147711842693, vstest.console.dll, MulticastDelegateUtilities.SafeInvoke: InternalTestLoggerEvents.SendTestResult: Invoking callback 1/1 for Microsoft.VisualStudio.TestPlatform.CommandLine.Internal.ConsoleLogger., took 2 ms.
TpTrace Verbose: 0 : 8284, 4, 2023/10/20, 22:04:13.769, 147711936567, vstest.console.dll, MulticastDelegateUtilities.SafeInvoke: InternalTestLoggerEvents.SendTestRunComplete: Invoking callback 1/2 for Microsoft.TestPlatform.Extensions.BlameDataCollector.BlameLogger., took 0 ms.
TpTrace Verbose: 0 : 8284, 4, 2023/10/20, 22:04:13.774, 147711988755, vstest.console.dll, MulticastDelegateUtilities.SafeInvoke: InternalTestLoggerEvents.SendTestRunComplete: Invoking callback 2/2 for Microsoft.VisualStudio.TestPlatform.CommandLine.Internal.ConsoleLogger., took 5 ms.
TpTrace Verbose: 0 : 8284, 11, 2023/10/20, 22:04:13.774, 147711992415, vstest.console.dll, TestRunRequest:TestRunComplete: Starting. IsAborted:False IsCanceled:False.
TpTrace Verbose: 0 : 8284, 11, 2023/10/20, 22:04:13.779, 147712037238, vstest.console.dll, TestLoggerManager.HandleTestRunComplete: Ignoring as the object is disposed.
TpTrace Verbose: 0 : 8284, 11, 2023/10/20, 22:04:13.779, 147712044137, vstest.console.dll, MulticastDelegateUtilities.SafeInvoke: TestRun.TestRunComplete: Invoking callback 1/2 for Microsoft.VisualStudio.TestPlatform.CommandLine.TestRunResultAggregator., took 0 ms.
TpTrace Verbose: 0 : 8284, 11, 2023/10/20, 22:04:13.780, 147712045923, vstest.console.dll, MulticastDelegateUtilities.SafeInvoke: TestRun.TestRunComplete: Invoking callback 2/2 for Microsoft.VisualStudio.TestPlatform.CommandLine.Processors.RunTestsArgumentExecutor+TestRunRequestEventsRegistrar., took 0 ms.
TpTrace Information: 0 : 8284, 11, 2023/10/20, 22:04:13.780, 147712046972, vstest.console.dll, TestRunRequest:TestRunComplete: Completed.
TpTrace Verbose: 0 : 8284, 11, 2023/10/20, 22:04:13.780, 147712047349, vstest.console.dll, TestRequestSender.SetOperationComplete: Setting operation complete.
TpTrace Verbose: 0 : 8284, 1, 2023/10/20, 22:04:13.780, 147712047526, vstest.console.dll, TestRunRequest.Dispose: Starting.
TpTrace Information: 0 : 8284, 11, 2023/10/20, 22:04:13.780, 147712047592, vstest.console.dll, SocketServer.Stop: Stop server endPoint: 127.0.0.1:2139
TpTrace Information: 0 : 8284, 1, 2023/10/20, 22:04:13.780, 147712048286, vstest.console.dll, TestRunRequest.Dispose: Completed.
TpTrace Information: 0 : 8284, 11, 2023/10/20, 22:04:13.780, 147712048597, vstest.console.dll, SocketServer.Stop: Cancellation requested. Stopping message loop.
TpTrace Information: 0 : 8284, 1, 2023/10/20, 22:04:13.780, 147712048731, vstest.console.dll, TestRequestManager.RunTests: run tests completed.
TpTrace Verbose: 0 : 8284, 11, 2023/10/20, 22:04:13.780, 147712048883, vstest.console.dll, MulticastDelegateUtilities.SafeInvoke: LengthPrefixCommunicationChannel: MessageReceived: Invoking callback 1/1 for Microsoft.VisualStudio.TestPlatform.CommunicationUtilities.TestRequestSender+<>c__DisplayClass34_0., took 748 ms.
TpTrace Information: 0 : 8284, 11, 2023/10/20, 22:04:13.780, 147712049266, vstest.console.dll, SocketServer.PrivateStop: Stopping server endPoint: 127.0.0.1:2139 error: 
TpTrace Information: 0 : 8284, 1, 2023/10/20, 22:04:13.780, 147712049764, vstest.console.dll, RunTestsArgumentProcessor:Execute: Test run is completed.
TpTrace Verbose: 0 : 8284, 1, 2023/10/20, 22:04:13.780, 147712052649, vstest.console.dll, Executor.Execute: Exiting with exit code of 0
TpTrace Verbose: 0 : 8284, 11, 2023/10/20, 22:04:13.780, 147712053970, vstest.console.dll, LengthPrefixCommunicationChannel.Dispose: Dispose reader and writer.
TpTrace Information: 0 : 8284, 11, 2023/10/20, 22:04:13.781, 147712054661, vstest.console.dll, SocketServer.Stop: Raise disconnected event endPoint: 127.0.0.1:2139 error: 
TpTrace Verbose: 0 : 8284, 11, 2023/10/20, 22:04:13.781, 147712055524, vstest.console.dll, TestRequestSender: OnTestRunAbort: Operation is already complete. Skip error message.
TpTrace Verbose: 0 : 8284, 11, 2023/10/20, 22:04:13.781, 147712055839, vstest.console.dll, MulticastDelegateUtilities.SafeInvoke: SocketServer: ClientDisconnected: Invoking callback 1/1 for Microsoft.VisualStudio.TestPlatform.CommunicationUtilities.TestRequestSender., took 0 ms.
TpTrace Verbose: 0 : 8284, 11, 2023/10/20, 22:04:13.781, 147712056105, vstest.console.dll, TcpClientExtensions.MessageLoopAsync: exiting MessageLoopAsync remoteEndPoint: 127.0.0.1:2140 localEndPoint: 127.0.0.1:2139
